#
# There is insufficient memory for the Java Runtime Environment to continue.
# Native memory allocation (malloc) failed to allocate 1435216 bytes. Error detail: Chunk::new
# Possible reasons:
#   The system is out of physical RAM or swap space
#   This process is running with CompressedOops enabled, and the Java Heap may be blocking the growth of the native heap
# Possible solutions:
#   Reduce memory load on the system
#   Increase physical memory or swap space
#   Check if swap backing store is full
#   Decrease Java heap size (-Xmx/-Xms)
#   Decrease number of Java threads
#   Decrease Java thread stack sizes (-Xss)
#   Set larger code cache with -XX:ReservedCodeCacheSize=
#   JVM is running with Unscaled Compressed Oops mode in which the Java heap is
#     placed in the first 4GB address space. The Java Heap base address is the
#     maximum limit for the native heap growth. Please use -XX:HeapBaseMinAddress
#     to set the Java Heap base and to place the Java Heap above 4GB virtual address.
# This output file may be truncated or incomplete.
#
#  Out of Memory Error (arena.cpp:168), pid=26328, tid=8900
#
# JRE version: OpenJDK Runtime Environment Temurin-21.0.8+9 (21.0.8+9) (build 21.0.8+9-LTS)
# Java VM: OpenJDK 64-Bit Server VM Temurin-21.0.8+9 (21.0.8+9-LTS, mixed mode, sharing, tiered, compressed oops, compressed class ptrs, parallel gc, windows-amd64)
# No core dump will be written. Minidumps are not enabled by default on client versions of Windows
#

---------------  S U M M A R Y ------------

Command Line: --add-modules=ALL-SYSTEM --add-opens=java.base/java.util=ALL-UNNAMED --add-opens=java.base/java.lang=ALL-UNNAMED --add-opens=java.base/sun.nio.fs=ALL-UNNAMED -Declipse.application=org.eclipse.jdt.ls.core.id1 -Dosgi.bundles.defaultStartLevel=4 -Declipse.product=org.eclipse.jdt.ls.core.product -Djava.import.generatesMetadataFilesAtProjectRoot=false -DDetectVMInstallationsJob.disabled=true -Dfile.encoding=utf8 -XX:+UseParallelGC -XX:GCTimeRatio=4 -XX:AdaptiveSizePolicyWeight=90 -Dsun.zip.disableMemoryMapping=true -Xmx2G -Xms100m -Xlog:disable -javaagent:c:\Users\shekh\.windsurf\extensions\redhat.java-1.44.0-win32-x64\lombok\lombok-1.18.39-4050.jar -XX:+HeapDumpOnOutOfMemoryError -XX:HeapDumpPath=c:\Users\shekh\AppData\Roaming\Windsurf\User\workspaceStorage\c1443ebb7bbc7fb20ebaf31c0759c607\redhat.java -Daether.dependencyCollector.impl=bf c:\Users\shekh\.windsurf\extensions\redhat.java-1.44.0-win32-x64\server\plugins\org.eclipse.equinox.launcher_1.7.0.v20250519-0528.jar -configuration c:\Users\shekh\AppData\Roaming\Windsurf\User\globalStorage\redhat.java\1.44.0\config_win -data c:\Users\shekh\AppData\Roaming\Windsurf\User\workspaceStorage\c1443ebb7bbc7fb20ebaf31c0759c607\redhat.java\jdt_ws --pipe=\\.\pipe\lsp-4ba403d8cc7326acef8d20fdb9a83c81-sock

Host: 12th Gen Intel(R) Core(TM) i5-12450H, 12 cores, 7G,  Windows 11 , 64 bit Build 26100 (10.0.26100.4768)
Time: Sat Aug  2 01:22:23 2025 Nepal Standard Time elapsed time: 12.965990 seconds (0d 0h 0m 12s)

---------------  T H R E A D  ---------------

Current thread (0x000001d3e008b4d0):  JavaThread "C2 CompilerThread2" daemon [_thread_in_native, id=8900, stack(0x000000140d100000,0x000000140d200000) (1024K)]


Current CompileTask:
C2:12966 8993       4       org.eclipse.jdt.internal.compiler.util.JrtFileSystem$2::visitFile (10 bytes)

Stack: [0x000000140d100000,0x000000140d200000]
Native frames: (J=compiled Java code, j=interpreted, Vv=VM code, C=native code)
V  [jvm.dll+0x6d2449]
V  [jvm.dll+0x8ae341]
V  [jvm.dll+0x8b08be]
V  [jvm.dll+0x8b0fa3]
V  [jvm.dll+0x280c96]
V  [jvm.dll+0xc581d]
V  [jvm.dll+0xc5d53]
V  [jvm.dll+0x3b9162]
V  [jvm.dll+0x385315]
V  [jvm.dll+0x38477a]
V  [jvm.dll+0x248ed0]
V  [jvm.dll+0x2484af]
V  [jvm.dll+0x1c89ee]
V  [jvm.dll+0x257d4d]
V  [jvm.dll+0x2562ea]
V  [jvm.dll+0x3f2d16]
V  [jvm.dll+0x857e6b]
V  [jvm.dll+0x6d0b0d]
C  [ucrtbase.dll+0x37b0]
C  [KERNEL32.DLL+0x2e8d7]
C  [ntdll.dll+0x3c34c]


---------------  P R O C E S S  ---------------

Threads class SMR info:
_java_thread_list=0x000001d3e29f8170, length=77, elements={
0x000001d3ffc4b990, 0x000001d3db1244b0, 0x000001d3d91fd8c0, 0x000001d3db127540,
0x000001d3db128090, 0x000001d3db12e4a0, 0x000001d3db1316a0, 0x000001d3db135920,
0x000001d3db154e00, 0x000001d3db2161b0, 0x000001d3db464520, 0x000001d3db4f32b0,
0x000001d3db9285e0, 0x000001d3db942c50, 0x000001d3e0290e60, 0x000001d3e02914c0,
0x000001d3e03bdb10, 0x000001d3e06bab10, 0x000001d3e07bc4b0, 0x000001d3e07bb790,
0x000001d3e07bcb40, 0x000001d3e07bd1d0, 0x000001d3e07bbe20, 0x000001d3e07bb100,
0x000001d3e07ba3e0, 0x000001d3e07baa70, 0x000001d3e321c170, 0x000001d3e321c800,
0x000001d3e321ce90, 0x000001d3e321e240, 0x000001d3e321bae0, 0x000001d3e321d520,
0x000001d3e321dbb0, 0x000001d3e321adc0, 0x000001d3e321e8d0, 0x000001d3e321b450,
0x000001d3e321ef60, 0x000001d3e321fc80, 0x000001d3e321f5f0, 0x000001d3e32209a0,
0x000001d3e32223e0, 0x000001d3e3221030, 0x000001d3e008b4d0, 0x000001d3e4a5ce80,
0x000001d3e4a5e8c0, 0x000001d3e4a5e230, 0x000001d3e4a5ef50, 0x000001d3e4a5f5e0,
0x000001d3e4a5c160, 0x000001d3e4a5fc70, 0x000001d3e4a5c7f0, 0x000001d3e4a60990,
0x000001d3e4a61020, 0x000001d3e4a630f0, 0x000001d3e4a623d0, 0x000001d3e4a62a60,
0x000001d3e4a63780, 0x000001d3e4a616b0, 0x000001d3e4a60300, 0x000001d3e4a61d40,
0x000001d3e1d3a2b0, 0x000001d3e1d3a940, 0x000001d3e1d3bcf0, 0x000001d3e1d3ca10,
0x000001d3e1d3d0a0, 0x000001d3e1d3c380, 0x000001d3e1d39c20, 0x000001d3e1d3b660,
0x000001d3e1d3ddc0, 0x000001d3e1d3e450, 0x000001d3e1d3f800, 0x000001d3e1d40bb0,
0x000001d3e1d41240, 0x000001d3e1d3eae0, 0x000001d3e1d3f170, 0x000001d3e1d3fe90,
0x000001d3e1d40520
}

Java Threads: ( => current thread )
  0x000001d3ffc4b990 JavaThread "main"                              [_thread_blocked, id=1864, stack(0x0000001409800000,0x0000001409900000) (1024K)]
  0x000001d3db1244b0 JavaThread "Reference Handler"          daemon [_thread_blocked, id=17296, stack(0x0000001409c00000,0x0000001409d00000) (1024K)]
  0x000001d3d91fd8c0 JavaThread "Finalizer"                  daemon [_thread_blocked, id=21932, stack(0x0000001409d00000,0x0000001409e00000) (1024K)]
  0x000001d3db127540 JavaThread "Signal Dispatcher"          daemon [_thread_blocked, id=23140, stack(0x0000001409e00000,0x0000001409f00000) (1024K)]
  0x000001d3db128090 JavaThread "Attach Listener"            daemon [_thread_blocked, id=10636, stack(0x0000001409f00000,0x000000140a000000) (1024K)]
  0x000001d3db12e4a0 JavaThread "Service Thread"             daemon [_thread_blocked, id=16276, stack(0x000000140a000000,0x000000140a100000) (1024K)]
  0x000001d3db1316a0 JavaThread "Monitor Deflation Thread"   daemon [_thread_blocked, id=21852, stack(0x000000140a100000,0x000000140a200000) (1024K)]
  0x000001d3db135920 JavaThread "C2 CompilerThread0"         daemon [_thread_blocked, id=17120, stack(0x000000140a200000,0x000000140a300000) (1024K)]
  0x000001d3db154e00 JavaThread "C1 CompilerThread0"         daemon [_thread_blocked, id=7392, stack(0x000000140a300000,0x000000140a400000) (1024K)]
  0x000001d3db2161b0 JavaThread "Common-Cleaner"             daemon [_thread_blocked, id=18832, stack(0x000000140a400000,0x000000140a500000) (1024K)]
  0x000001d3db464520 JavaThread "Notification Thread"        daemon [_thread_blocked, id=17568, stack(0x000000140a500000,0x000000140a600000) (1024K)]
  0x000001d3db4f32b0 JavaThread "C2 CompilerThread1"         daemon [_thread_blocked, id=7388, stack(0x000000140a600000,0x000000140a700000) (1024K)]
  0x000001d3db9285e0 JavaThread "Active Thread: Equinox Container: 34a9560e-926b-499b-889d-febf03e5e73f"        [_thread_blocked, id=14672, stack(0x000000140ae00000,0x000000140af00000) (1024K)]
  0x000001d3db942c50 JavaThread "Refresh Thread: Equinox Container: 34a9560e-926b-499b-889d-febf03e5e73f" daemon [_thread_blocked, id=3992, stack(0x000000140b000000,0x000000140b100000) (1024K)]
  0x000001d3e0290e60 JavaThread "Framework Event Dispatcher: Equinox Container: 34a9560e-926b-499b-889d-febf03e5e73f" daemon [_thread_blocked, id=25536, stack(0x000000140b100000,0x000000140b200000) (1024K)]
  0x000001d3e02914c0 JavaThread "Start Level: Equinox Container: 34a9560e-926b-499b-889d-febf03e5e73f" daemon [_thread_blocked, id=4640, stack(0x000000140b200000,0x000000140b300000) (1024K)]
  0x000001d3e03bdb10 JavaThread "Bundle File Closer"         daemon [_thread_blocked, id=12956, stack(0x000000140b500000,0x000000140b600000) (1024K)]
  0x000001d3e06bab10 JavaThread "SCR Component Actor"        daemon [_thread_blocked, id=25076, stack(0x000000140b600000,0x000000140b700000) (1024K)]
  0x000001d3e07bc4b0 JavaThread "Worker-JM"                         [_thread_blocked, id=30084, stack(0x000000140b700000,0x000000140b800000) (1024K)]
  0x000001d3e07bb790 JavaThread "JNA Cleaner"                daemon [_thread_blocked, id=27608, stack(0x000000140b800000,0x000000140b900000) (1024K)]
  0x000001d3e07bcb40 JavaThread "Worker-0"                          [_thread_blocked, id=25228, stack(0x000000140b900000,0x000000140ba00000) (1024K)]
  0x000001d3e07bd1d0 JavaThread "Worker-1"                          [_thread_blocked, id=29936, stack(0x000000140ba00000,0x000000140bb00000) (1024K)]
  0x000001d3e07bbe20 JavaThread "Java indexing"              daemon [_thread_blocked, id=13048, stack(0x000000140bb00000,0x000000140bc00000) (1024K)]
  0x000001d3e07bb100 JavaThread "Worker-2"                          [_thread_blocked, id=11124, stack(0x000000140be00000,0x000000140bf00000) (1024K)]
  0x000001d3e07ba3e0 JavaThread "Worker-3: Java indexing... "        [_thread_blocked, id=27904, stack(0x000000140bf00000,0x000000140c000000) (1024K)]
  0x000001d3e07baa70 JavaThread "Thread-2"                   daemon [_thread_in_native, id=20836, stack(0x000000140c000000,0x000000140c100000) (1024K)]
  0x000001d3e321c170 JavaThread "Thread-3"                   daemon [_thread_in_native, id=7780, stack(0x000000140c100000,0x000000140c200000) (1024K)]
  0x000001d3e321c800 JavaThread "Thread-4"                   daemon [_thread_in_native, id=10776, stack(0x000000140c200000,0x000000140c300000) (1024K)]
  0x000001d3e321ce90 JavaThread "Thread-5"                   daemon [_thread_in_native, id=23052, stack(0x000000140c300000,0x000000140c400000) (1024K)]
  0x000001d3e321e240 JavaThread "Thread-6"                   daemon [_thread_in_native, id=5428, stack(0x000000140c400000,0x000000140c500000) (1024K)]
  0x000001d3e321bae0 JavaThread "Thread-7"                   daemon [_thread_in_native, id=8672, stack(0x000000140c500000,0x000000140c600000) (1024K)]
  0x000001d3e321d520 JavaThread "Thread-8"                   daemon [_thread_in_native, id=26408, stack(0x000000140c600000,0x000000140c700000) (1024K)]
  0x000001d3e321dbb0 JavaThread "Thread-9"                   daemon [_thread_in_native, id=22252, stack(0x000000140c700000,0x000000140c800000) (1024K)]
  0x000001d3e321adc0 JavaThread "Thread-10"                  daemon [_thread_in_native, id=19872, stack(0x000000140c800000,0x000000140c900000) (1024K)]
  0x000001d3e321e8d0 JavaThread "Thread-11"                  daemon [_thread_in_native, id=20672, stack(0x000000140c900000,0x000000140ca00000) (1024K)]
  0x000001d3e321b450 JavaThread "Thread-12"                  daemon [_thread_in_native, id=14512, stack(0x000000140ca00000,0x000000140cb00000) (1024K)]
  0x000001d3e321ef60 JavaThread "Thread-13"                  daemon [_thread_in_native, id=7672, stack(0x000000140cb00000,0x000000140cc00000) (1024K)]
  0x000001d3e321fc80 JavaThread "Thread-14"                  daemon [_thread_in_native, id=16892, stack(0x000000140cc00000,0x000000140cd00000) (1024K)]
  0x000001d3e321f5f0 JavaThread "pool-2-thread-1"                   [_thread_blocked, id=24372, stack(0x000000140cd00000,0x000000140ce00000) (1024K)]
  0x000001d3e32209a0 JavaThread "WorkspaceEventsHandler"            [_thread_blocked, id=30136, stack(0x000000140ce00000,0x000000140cf00000) (1024K)]
  0x000001d3e32223e0 JavaThread "pool-1-thread-1"                   [_thread_blocked, id=23568, stack(0x000000140cf00000,0x000000140d000000) (1024K)]
  0x000001d3e3221030 JavaThread "Worker-4: Initialize Workspace"        [_thread_blocked, id=14276, stack(0x000000140d000000,0x000000140d100000) (1024K)]
=>0x000001d3e008b4d0 JavaThread "C2 CompilerThread2"         daemon [_thread_in_native, id=8900, stack(0x000000140d100000,0x000000140d200000) (1024K)]
  0x000001d3e4a5ce80 JavaThread "LocalFile Deleter"          daemon [_thread_blocked, id=30292, stack(0x000000140d200000,0x000000140d300000) (1024K)]
  0x000001d3e4a5e8c0 JavaThread "LocalFile Deleter"          daemon [_thread_blocked, id=30152, stack(0x000000140d300000,0x000000140d400000) (1024K)]
  0x000001d3e4a5e230 JavaThread "LocalFile Deleter"          daemon [_thread_blocked, id=18252, stack(0x000000140d400000,0x000000140d500000) (1024K)]
  0x000001d3e4a5ef50 JavaThread "LocalFile Deleter"          daemon [_thread_blocked, id=16124, stack(0x000000140d500000,0x000000140d600000) (1024K)]
  0x000001d3e4a5f5e0 JavaThread "LocalFile Deleter"          daemon [_thread_blocked, id=25476, stack(0x000000140d600000,0x000000140d700000) (1024K)]
  0x000001d3e4a5c160 JavaThread "LocalFile Deleter"          daemon [_thread_blocked, id=7072, stack(0x000000140d700000,0x000000140d800000) (1024K)]
  0x000001d3e4a5fc70 JavaThread "LocalFile Deleter"          daemon [_thread_blocked, id=1860, stack(0x000000140d800000,0x000000140d900000) (1024K)]
  0x000001d3e4a5c7f0 JavaThread "LocalFile Deleter"          daemon [_thread_blocked, id=24464, stack(0x000000140d900000,0x000000140da00000) (1024K)]
  0x000001d3e4a60990 JavaThread "LocalFile Deleter"          daemon [_thread_blocked, id=10956, stack(0x000000140da00000,0x000000140db00000) (1024K)]
  0x000001d3e4a61020 JavaThread "LocalFile Deleter"          daemon [_thread_blocked, id=12416, stack(0x000000140db00000,0x000000140dc00000) (1024K)]
  0x000001d3e4a630f0 JavaThread "LocalFile Deleter"          daemon [_thread_blocked, id=24248, stack(0x000000140dc00000,0x000000140dd00000) (1024K)]
  0x000001d3e4a623d0 JavaThread "LocalFile Deleter"          daemon [_thread_blocked, id=24348, stack(0x000000140dd00000,0x000000140de00000) (1024K)]
  0x000001d3e4a62a60 JavaThread "Compiler Source File Reader" daemon [_thread_blocked, id=13364, stack(0x000000140de00000,0x000000140df00000) (1024K)]
  0x000001d3e4a63780 JavaThread "Compiler Source File Reader" daemon [_thread_blocked, id=12688, stack(0x000000140df00000,0x000000140e000000) (1024K)]
  0x000001d3e4a616b0 JavaThread "Compiler Source File Reader" daemon [_thread_blocked, id=29072, stack(0x000000140e000000,0x000000140e100000) (1024K)]
  0x000001d3e4a60300 JavaThread "Compiler Source File Reader" daemon [_thread_blocked, id=24908, stack(0x000000140e100000,0x000000140e200000) (1024K)]
  0x000001d3e4a61d40 JavaThread "Compiler Source File Reader" daemon [_thread_blocked, id=24812, stack(0x000000140e200000,0x000000140e300000) (1024K)]
  0x000001d3e1d3a2b0 JavaThread "Compiler Source File Reader" daemon [_thread_blocked, id=24552, stack(0x000000140e300000,0x000000140e400000) (1024K)]
  0x000001d3e1d3a940 JavaThread "Compiler Source File Reader" daemon [_thread_blocked, id=14540, stack(0x000000140e400000,0x000000140e500000) (1024K)]
  0x000001d3e1d3bcf0 JavaThread "Compiler Source File Reader" daemon [_thread_blocked, id=29728, stack(0x000000140e500000,0x000000140e600000) (1024K)]
  0x000001d3e1d3ca10 JavaThread "Compiler Source File Reader" daemon [_thread_blocked, id=8648, stack(0x000000140e600000,0x000000140e700000) (1024K)]
  0x000001d3e1d3d0a0 JavaThread "Compiler Source File Reader" daemon [_thread_blocked, id=396, stack(0x000000140e700000,0x000000140e800000) (1024K)]
  0x000001d3e1d3c380 JavaThread "Compiler Processing Task"   daemon [_thread_blocked, id=14824, stack(0x000000140a700000,0x000000140a800000) (1024K)]
  0x000001d3e1d39c20 JavaThread "Compiler Class File Writer" daemon [_thread_blocked, id=25764, stack(0x000000140e800000,0x000000140e900000) (1024K)]
  0x000001d3e1d3b660 JavaThread "Compiler Class File Writer" daemon [_thread_blocked, id=26992, stack(0x000000140e900000,0x000000140ea00000) (1024K)]
  0x000001d3e1d3ddc0 JavaThread "Compiler Class File Writer" daemon [_thread_blocked, id=28256, stack(0x000000140ea00000,0x000000140eb00000) (1024K)]
  0x000001d3e1d3e450 JavaThread "Compiler Class File Writer" daemon [_thread_blocked, id=26004, stack(0x000000140eb00000,0x000000140ec00000) (1024K)]
  0x000001d3e1d3f800 JavaThread "Compiler Class File Writer" daemon [_thread_blocked, id=18284, stack(0x000000140ec00000,0x000000140ed00000) (1024K)]
  0x000001d3e1d40bb0 JavaThread "Compiler Class File Writer" daemon [_thread_blocked, id=27580, stack(0x000000140ed00000,0x000000140ee00000) (1024K)]
  0x000001d3e1d41240 JavaThread "Compiler Class File Writer" daemon [_thread_blocked, id=392, stack(0x000000140ee00000,0x000000140ef00000) (1024K)]
  0x000001d3e1d3eae0 JavaThread "Compiler Class File Writer" daemon [_thread_blocked, id=17748, stack(0x000000140ef00000,0x000000140f000000) (1024K)]
  0x000001d3e1d3f170 JavaThread "Compiler Class File Writer" daemon [_thread_blocked, id=20912, stack(0x000000140f000000,0x000000140f100000) (1024K)]
  0x000001d3e1d3fe90 JavaThread "Compiler Class File Writer" daemon [_thread_blocked, id=28096, stack(0x000000140f100000,0x000000140f200000) (1024K)]
  0x000001d3e1d40520 JavaThread "Timer-0"                           [_thread_blocked, id=19536, stack(0x000000140f200000,0x000000140f300000) (1024K)]
Total: 77

Other Threads:
  0x000001d3d91e5330 VMThread "VM Thread"                           [id=1544, stack(0x0000001409b00000,0x0000001409c00000) (1024K)]
  0x000001d3d90dca00 WatcherThread "VM Periodic Task Thread"        [id=29940, stack(0x0000001409a00000,0x0000001409b00000) (1024K)]
  0x000001d3ffc69a70 WorkerThread "GC Thread#0"                     [id=28608, stack(0x0000001409900000,0x0000001409a00000) (1024K)]
  0x000001d3dbab8bd0 WorkerThread "GC Thread#1"                     [id=20448, stack(0x000000140a800000,0x000000140a900000) (1024K)]
  0x000001d3db825730 WorkerThread "GC Thread#2"                     [id=24128, stack(0x000000140a900000,0x000000140aa00000) (1024K)]
  0x000001d3db825ad0 WorkerThread "GC Thread#3"                     [id=23652, stack(0x000000140aa00000,0x000000140ab00000) (1024K)]
  0x000001d3db825e70 WorkerThread "GC Thread#4"                     [id=13748, stack(0x000000140ab00000,0x000000140ac00000) (1024K)]
  0x000001d3db5c51f0 WorkerThread "GC Thread#5"                     [id=28604, stack(0x000000140ac00000,0x000000140ad00000) (1024K)]
  0x000001d3db5c5590 WorkerThread "GC Thread#6"                     [id=6152, stack(0x000000140ad00000,0x000000140ae00000) (1024K)]
  0x000001d3db9428b0 WorkerThread "GC Thread#7"                     [id=1524, stack(0x000000140af00000,0x000000140b000000) (1024K)]
  0x000001d3e047b200 WorkerThread "GC Thread#8"                     [id=2864, stack(0x000000140b300000,0x000000140b400000) (1024K)]
  0x000001d3e0890210 WorkerThread "GC Thread#9"                     [id=26864, stack(0x000000140b400000,0x000000140b500000) (1024K)]
Total: 12

Threads with active compile tasks:
C2 CompilerThread0  12987 9023       4       java.lang.invoke.LambdaForm$Name::useCount (51 bytes)
C2 CompilerThread1  12987 9022       4       org.eclipse.jdt.internal.compiler.parser.Scanner::internalScanIdentifierOrKeyword (5041 bytes)
C2 CompilerThread2  12987 8993       4       org.eclipse.jdt.internal.compiler.util.JrtFileSystem$2::visitFile (10 bytes)
Total: 3

VM state: at safepoint (normal execution)

VM Mutex/Monitor currently owned by a thread:  ([mutex/lock_event])
[0x00007ff811f05458] Threads_lock - owner thread: 0x000001d3d91e5330
[0x00007ff811f05558] Heap_lock - owner thread: 0x000001d3e07bbe20

Heap address: 0x0000000080000000, size: 2048 MB, Compressed Oops mode: 32-bit

CDS archive(s) mapped at: [0x000001d398000000-0x000001d398ba0000-0x000001d398ba0000), size 12189696, SharedBaseAddress: 0x000001d398000000, ArchiveRelocationMode: 1.
Compressed class space mapped at: 0x000001d399000000-0x000001d3d9000000, reserved size: 1073741824
Narrow klass base: 0x000001d398000000, Narrow klass shift: 0, Narrow klass range: 0x100000000

GC Precious Log:
 CardTable entry size: 512
 CPUs: 12 total, 12 available
 Memory: 7866M
 Large Page Support: Disabled
 NUMA Support: Disabled
 Compressed Oops: Enabled (32-bit)
 Alignments: Space 512K, Generation 512K, Heap 2M
 Heap Min Capacity: 100M
 Heap Initial Capacity: 100M
 Heap Max Capacity: 2G
 Pre-touch: Disabled
 Parallel Workers: 10

Heap:
 PSYoungGen      total 11776K, used 2069K [0x00000000d5580000, 0x00000000d6380000, 0x0000000100000000)
  eden space 9216K, 0% used [0x00000000d5580000,0x00000000d5580000,0x00000000d5e80000)
  from space 2560K, 80% used [0x00000000d5e80000,0x00000000d60857e8,0x00000000d6100000)
  to   space 2560K, 0% used [0x00000000d6100000,0x00000000d6100000,0x00000000d6380000)
 ParOldGen       total 217088K, used 216990K [0x0000000080000000, 0x000000008d400000, 0x00000000d5580000)
  object space 217088K, 99% used [0x0000000080000000,0x000000008d3e7b90,0x000000008d400000)
 Metaspace       used 58068K, committed 59392K, reserved 1114112K
  class space    used 6235K, committed 6784K, reserved 1048576K

Card table byte_map: [0x000001d393540000,0x000001d393950000] _byte_map_base: 0x000001d393140000

Marking Bits: (ParMarkBitMap*) 0x00007ff811f0a340
 Begin Bits: [0x000001d393c00000, 0x000001d395c00000)
 End Bits:   [0x000001d395c00000, 0x000001d397c00000)

Polling page: 0x000001d3ff3a0000

Metaspace:

Usage:
  Non-class:     50.62 MB used.
      Class:      6.09 MB used.
       Both:     56.71 MB used.

Virtual space:
  Non-class space:       64.00 MB reserved,      51.38 MB ( 80%) committed,  1 nodes.
      Class space:        1.00 GB reserved,       6.62 MB ( <1%) committed,  1 nodes.
             Both:        1.06 GB reserved,      58.00 MB (  5%) committed. 

Chunk freelists:
   Non-Class:  12.43 MB
       Class:  9.30 MB
        Both:  21.73 MB

MaxMetaspaceSize: unlimited
CompressedClassSpaceSize: 1.00 GB
Initial GC threshold: 21.00 MB
Current GC threshold: 58.38 MB
CDS: on
 - commit_granule_bytes: 65536.
 - commit_granule_words: 8192.
 - virtual_space_node_default_size: 8388608.
 - enlarge_chunks_in_place: 1.
 - use_allocation_guard: 0.


Internal statistics:

num_allocs_failed_limit: 6.
num_arena_births: 1042.
num_arena_deaths: 14.
num_vsnodes_births: 2.
num_vsnodes_deaths: 0.
num_space_committed: 928.
num_space_uncommitted: 0.
num_chunks_returned_to_freelist: 20.
num_chunks_taken_from_freelist: 3646.
num_chunk_merges: 10.
num_chunk_splits: 2321.
num_chunks_enlarged: 1414.
num_inconsistent_stats: 0.

CodeHeap 'non-profiled nmethods': size=120000Kb used=5386Kb max_used=5386Kb free=114613Kb
 bounds [0x000001d38c010000, 0x000001d38c560000, 0x000001d393540000]
CodeHeap 'profiled nmethods': size=120000Kb used=18751Kb max_used=18751Kb free=101248Kb
 bounds [0x000001d384540000, 0x000001d385790000, 0x000001d38ba70000]
CodeHeap 'non-nmethods': size=5760Kb used=1419Kb max_used=1528Kb free=4340Kb
 bounds [0x000001d38ba70000, 0x000001d38bce0000, 0x000001d38c010000]
CodeCache: size=245760Kb, used=25556Kb, max_used=25665Kb, free=220201Kb
 total_blobs=9138, nmethods=8408, adapters=636, full_count=0
Compilation: enabled, stopped_count=0, restarted_count=0

Compilation events (20 events):
Event: 11.740 Thread 0x000001d3db154e00 nmethod 9011 0x000001d38578b290 code [0x000001d38578b440, 0x000001d38578b6f0]
Event: 11.741 Thread 0x000001d3db135920 nmethod 9005 0x000001d38c550b90 code [0x000001d38c550d80, 0x000001d38c5518d0]
Event: 11.749 Thread 0x000001d3db154e00 9012       3       org.eclipse.jdt.core.compiler.CharOperation::fragmentEquals (89 bytes)
Event: 11.750 Thread 0x000001d3db154e00 nmethod 9012 0x000001d38578b810 code [0x000001d38578ba20, 0x000001d38578bf08]
Event: 11.750 Thread 0x000001d3db4f32b0 9013       4       org.eclipse.osgi.internal.loader.ModuleClassLoader$DefineClassResult::<init> (15 bytes)
Event: 11.751 Thread 0x000001d3db4f32b0 nmethod 9013 0x000001d38c551e90 code [0x000001d38c552020, 0x000001d38c5520d0]
Event: 11.811 Thread 0x000001d3db154e00 9014       1       org.eclipse.core.runtime.jobs.Job::belongsTo (2 bytes)
Event: 11.812 Thread 0x000001d3db154e00 nmethod 9014 0x000001d38c552190 code [0x000001d38c552320, 0x000001d38c5523e8]
Event: 11.828 Thread 0x000001d3db154e00 9015       3       org.eclipse.jdt.core.Signature::checkName (102 bytes)
Event: 11.830 Thread 0x000001d3db154e00 nmethod 9015 0x000001d38578c110 code [0x000001d38578c300, 0x000001d38578c7a8]
Event: 11.850 Thread 0x000001d3db154e00 9016       3       org.eclipse.jdt.internal.core.search.indexing.AbstractIndexer::addEnumDeclaration (114 bytes)
Event: 11.916 Thread 0x000001d3db154e00 nmethod 9016 0x000001d38578c990 code [0x000001d38578cce0, 0x000001d38578e228]
Event: 11.949 Thread 0x000001d3db154e00 9018       3       java.lang.invoke.LambdaFormBuffer::setNames (22 bytes)
Event: 11.949 Thread 0x000001d3db154e00 nmethod 9018 0x000001d38578eb90 code [0x000001d38578ed20, 0x000001d38578ee68]
Event: 11.949 Thread 0x000001d3db154e00 9019       3       java.lang.invoke.LambdaFormBuffer::lambdaForm (37 bytes)
Event: 11.950 Thread 0x000001d3db154e00 nmethod 9019 0x000001d38578ef10 code [0x000001d38578f100, 0x000001d38578f4e0]
Event: 11.950 Thread 0x000001d3db154e00 9020       3       java.lang.invoke.LambdaFormBuffer::nameArray (15 bytes)
Event: 11.950 Thread 0x000001d3db154e00 nmethod 9020 0x000001d38578f690 code [0x000001d38578f860, 0x000001d38578fb30]
Event: 11.953 Thread 0x000001d3db4f32b0 9022       4       org.eclipse.jdt.internal.compiler.parser.Scanner::internalScanIdentifierOrKeyword (5041 bytes)
Event: 11.955 Thread 0x000001d3db135920 9023       4       java.lang.invoke.LambdaForm$Name::useCount (51 bytes)

GC Heap History (20 events):
Event: 11.388 GC heap after
{Heap after GC invocations=89 (full 2):
 PSYoungGen      total 12288K, used 2263K [0x00000000d5580000, 0x00000000d6400000, 0x0000000100000000)
  eden space 9728K, 0% used [0x00000000d5580000,0x00000000d5580000,0x00000000d5f00000)
  from space 2560K, 88% used [0x00000000d5f00000,0x00000000d6135f80,0x00000000d6180000)
  to   space 2560K, 0% used [0x00000000d6180000,0x00000000d6180000,0x00000000d6400000)
 ParOldGen       total 197632K, used 197582K [0x0000000080000000, 0x000000008c100000, 0x00000000d5580000)
  object space 197632K, 99% used [0x0000000080000000,0x000000008c0f3878,0x000000008c100000)
 Metaspace       used 57287K, committed 58496K, reserved 1114112K
  class space    used 6105K, committed 6592K, reserved 1048576K
}
Event: 11.418 GC heap before
{Heap before GC invocations=90 (full 2):
 PSYoungGen      total 12288K, used 11991K [0x00000000d5580000, 0x00000000d6400000, 0x0000000100000000)
  eden space 9728K, 100% used [0x00000000d5580000,0x00000000d5f00000,0x00000000d5f00000)
  from space 2560K, 88% used [0x00000000d5f00000,0x00000000d6135f80,0x00000000d6180000)
  to   space 2560K, 0% used [0x00000000d6180000,0x00000000d6180000,0x00000000d6400000)
 ParOldGen       total 197632K, used 197582K [0x0000000080000000, 0x000000008c100000, 0x00000000d5580000)
  object space 197632K, 99% used [0x0000000080000000,0x000000008c0f3878,0x000000008c100000)
 Metaspace       used 57287K, committed 58496K, reserved 1114112K
  class space    used 6105K, committed 6592K, reserved 1048576K
}
Event: 11.422 GC heap after
{Heap after GC invocations=90 (full 2):
 PSYoungGen      total 12288K, used 2115K [0x00000000d5580000, 0x00000000d6400000, 0x0000000100000000)
  eden space 9728K, 0% used [0x00000000d5580000,0x00000000d5580000,0x00000000d5f00000)
  from space 2560K, 82% used [0x00000000d6180000,0x00000000d6390cf8,0x00000000d6400000)
  to   space 2560K, 0% used [0x00000000d5f00000,0x00000000d5f00000,0x00000000d6180000)
 ParOldGen       total 200192K, used 199688K [0x0000000080000000, 0x000000008c380000, 0x00000000d5580000)
  object space 200192K, 99% used [0x0000000080000000,0x000000008c3023d0,0x000000008c380000)
 Metaspace       used 57287K, committed 58496K, reserved 1114112K
  class space    used 6105K, committed 6592K, reserved 1048576K
}
Event: 11.470 GC heap before
{Heap before GC invocations=91 (full 2):
 PSYoungGen      total 12288K, used 11843K [0x00000000d5580000, 0x00000000d6400000, 0x0000000100000000)
  eden space 9728K, 100% used [0x00000000d5580000,0x00000000d5f00000,0x00000000d5f00000)
  from space 2560K, 82% used [0x00000000d6180000,0x00000000d6390cf8,0x00000000d6400000)
  to   space 2560K, 0% used [0x00000000d5f00000,0x00000000d5f00000,0x00000000d6180000)
 ParOldGen       total 200192K, used 199688K [0x0000000080000000, 0x000000008c380000, 0x00000000d5580000)
  object space 200192K, 99% used [0x0000000080000000,0x000000008c3023d0,0x000000008c380000)
 Metaspace       used 57287K, committed 58496K, reserved 1114112K
  class space    used 6105K, committed 6592K, reserved 1048576K
}
Event: 11.472 GC heap after
{Heap after GC invocations=91 (full 2):
 PSYoungGen      total 12288K, used 2266K [0x00000000d5580000, 0x00000000d6400000, 0x0000000100000000)
  eden space 9728K, 0% used [0x00000000d5580000,0x00000000d5580000,0x00000000d5f00000)
  from space 2560K, 88% used [0x00000000d5f00000,0x00000000d61368a0,0x00000000d6180000)
  to   space 2560K, 0% used [0x00000000d6180000,0x00000000d6180000,0x00000000d6400000)
 ParOldGen       total 201728K, used 201709K [0x0000000080000000, 0x000000008c500000, 0x00000000d5580000)
  object space 201728K, 99% used [0x0000000080000000,0x000000008c4fb490,0x000000008c500000)
 Metaspace       used 57287K, committed 58496K, reserved 1114112K
  class space    used 6105K, committed 6592K, reserved 1048576K
}
Event: 11.509 GC heap before
{Heap before GC invocations=92 (full 2):
 PSYoungGen      total 12288K, used 11994K [0x00000000d5580000, 0x00000000d6400000, 0x0000000100000000)
  eden space 9728K, 100% used [0x00000000d5580000,0x00000000d5f00000,0x00000000d5f00000)
  from space 2560K, 88% used [0x00000000d5f00000,0x00000000d61368a0,0x00000000d6180000)
  to   space 2560K, 0% used [0x00000000d6180000,0x00000000d6180000,0x00000000d6400000)
 ParOldGen       total 201728K, used 201709K [0x0000000080000000, 0x000000008c500000, 0x00000000d5580000)
  object space 201728K, 99% used [0x0000000080000000,0x000000008c4fb490,0x000000008c500000)
 Metaspace       used 57287K, committed 58496K, reserved 1114112K
  class space    used 6105K, committed 6592K, reserved 1048576K
}
Event: 11.514 GC heap after
{Heap after GC invocations=92 (full 2):
 PSYoungGen      total 12288K, used 2067K [0x00000000d5580000, 0x00000000d6400000, 0x0000000100000000)
  eden space 9728K, 0% used [0x00000000d5580000,0x00000000d5580000,0x00000000d5f00000)
  from space 2560K, 80% used [0x00000000d6180000,0x00000000d6384f60,0x00000000d6400000)
  to   space 2560K, 0% used [0x00000000d5f00000,0x00000000d5f00000,0x00000000d6180000)
 ParOldGen       total 204288K, used 203788K [0x0000000080000000, 0x000000008c780000, 0x00000000d5580000)
  object space 204288K, 99% used [0x0000000080000000,0x000000008c7032d8,0x000000008c780000)
 Metaspace       used 57287K, committed 58496K, reserved 1114112K
  class space    used 6105K, committed 6592K, reserved 1048576K
}
Event: 11.554 GC heap before
{Heap before GC invocations=93 (full 2):
 PSYoungGen      total 12288K, used 11795K [0x00000000d5580000, 0x00000000d6400000, 0x0000000100000000)
  eden space 9728K, 100% used [0x00000000d5580000,0x00000000d5f00000,0x00000000d5f00000)
  from space 2560K, 80% used [0x00000000d6180000,0x00000000d6384f60,0x00000000d6400000)
  to   space 2560K, 0% used [0x00000000d5f00000,0x00000000d5f00000,0x00000000d6180000)
 ParOldGen       total 204288K, used 203788K [0x0000000080000000, 0x000000008c780000, 0x00000000d5580000)
  object space 204288K, 99% used [0x0000000080000000,0x000000008c7032d8,0x000000008c780000)
 Metaspace       used 57287K, committed 58496K, reserved 1114112K
  class space    used 6105K, committed 6592K, reserved 1048576K
}
Event: 11.557 GC heap after
{Heap after GC invocations=93 (full 2):
 PSYoungGen      total 12288K, used 2220K [0x00000000d5580000, 0x00000000d6400000, 0x0000000100000000)
  eden space 9728K, 0% used [0x00000000d5580000,0x00000000d5580000,0x00000000d5f00000)
  from space 2560K, 86% used [0x00000000d5f00000,0x00000000d612b130,0x00000000d6180000)
  to   space 2560K, 0% used [0x00000000d6180000,0x00000000d6180000,0x00000000d6400000)
 ParOldGen       total 205824K, used 205667K [0x0000000080000000, 0x000000008c900000, 0x00000000d5580000)
  object space 205824K, 99% used [0x0000000080000000,0x000000008c8d8f68,0x000000008c900000)
 Metaspace       used 57287K, committed 58496K, reserved 1114112K
  class space    used 6105K, committed 6592K, reserved 1048576K
}
Event: 11.657 GC heap before
{Heap before GC invocations=94 (full 2):
 PSYoungGen      total 12288K, used 11948K [0x00000000d5580000, 0x00000000d6400000, 0x0000000100000000)
  eden space 9728K, 99% used [0x00000000d5580000,0x00000000d5efffe8,0x00000000d5f00000)
  from space 2560K, 86% used [0x00000000d5f00000,0x00000000d612b130,0x00000000d6180000)
  to   space 2560K, 0% used [0x00000000d6180000,0x00000000d6180000,0x00000000d6400000)
 ParOldGen       total 205824K, used 205667K [0x0000000080000000, 0x000000008c900000, 0x00000000d5580000)
  object space 205824K, 99% used [0x0000000080000000,0x000000008c8d8f68,0x000000008c900000)
 Metaspace       used 57330K, committed 58560K, reserved 1114112K
  class space    used 6108K, committed 6592K, reserved 1048576K
}
Event: 11.660 GC heap after
{Heap after GC invocations=94 (full 2):
 PSYoungGen      total 12288K, used 2067K [0x00000000d5580000, 0x00000000d6400000, 0x0000000100000000)
  eden space 9728K, 0% used [0x00000000d5580000,0x00000000d5580000,0x00000000d5f00000)
  from space 2560K, 80% used [0x00000000d6180000,0x00000000d6384d58,0x00000000d6400000)
  to   space 2560K, 0% used [0x00000000d5f00000,0x00000000d5f00000,0x00000000d6180000)
 ParOldGen       total 207872K, used 207657K [0x0000000080000000, 0x000000008cb00000, 0x00000000d5580000)
  object space 207872K, 99% used [0x0000000080000000,0x000000008caca738,0x000000008cb00000)
 Metaspace       used 57330K, committed 58560K, reserved 1114112K
  class space    used 6108K, committed 6592K, reserved 1048576K
}
Event: 11.744 GC heap before
{Heap before GC invocations=95 (full 2):
 PSYoungGen      total 12288K, used 11795K [0x00000000d5580000, 0x00000000d6400000, 0x0000000100000000)
  eden space 9728K, 100% used [0x00000000d5580000,0x00000000d5f00000,0x00000000d5f00000)
  from space 2560K, 80% used [0x00000000d6180000,0x00000000d6384d58,0x00000000d6400000)
  to   space 2560K, 0% used [0x00000000d5f00000,0x00000000d5f00000,0x00000000d6180000)
 ParOldGen       total 207872K, used 207657K [0x0000000080000000, 0x000000008cb00000, 0x00000000d5580000)
  object space 207872K, 99% used [0x0000000080000000,0x000000008caca738,0x000000008cb00000)
 Metaspace       used 57573K, committed 58816K, reserved 1114112K
  class space    used 6155K, committed 6656K, reserved 1048576K
}
Event: 11.748 GC heap after
{Heap after GC invocations=95 (full 2):
 PSYoungGen      total 11776K, used 1811K [0x00000000d5580000, 0x00000000d6300000, 0x0000000100000000)
  eden space 9728K, 0% used [0x00000000d5580000,0x00000000d5580000,0x00000000d5f00000)
  from space 2048K, 88% used [0x00000000d5f00000,0x00000000d60c4eb0,0x00000000d6100000)
  to   space 2048K, 0% used [0x00000000d6100000,0x00000000d6100000,0x00000000d6300000)
 ParOldGen       total 209920K, used 209511K [0x0000000080000000, 0x000000008cd00000, 0x00000000d5580000)
  object space 209920K, 99% used [0x0000000080000000,0x000000008cc99fe0,0x000000008cd00000)
 Metaspace       used 57573K, committed 58816K, reserved 1114112K
  class space    used 6155K, committed 6656K, reserved 1048576K
}
Event: 11.807 GC heap before
{Heap before GC invocations=96 (full 2):
 PSYoungGen      total 11776K, used 11539K [0x00000000d5580000, 0x00000000d6300000, 0x0000000100000000)
  eden space 9728K, 100% used [0x00000000d5580000,0x00000000d5f00000,0x00000000d5f00000)
  from space 2048K, 88% used [0x00000000d5f00000,0x00000000d60c4eb0,0x00000000d6100000)
  to   space 2048K, 0% used [0x00000000d6100000,0x00000000d6100000,0x00000000d6300000)
 ParOldGen       total 209920K, used 209511K [0x0000000080000000, 0x000000008cd00000, 0x00000000d5580000)
  object space 209920K, 99% used [0x0000000080000000,0x000000008cc99fe0,0x000000008cd00000)
 Metaspace       used 57838K, committed 59136K, reserved 1114112K
  class space    used 6193K, committed 6720K, reserved 1048576K
}
Event: 11.811 GC heap after
{Heap after GC invocations=96 (full 2):
 PSYoungGen      total 11264K, used 2031K [0x00000000d5580000, 0x00000000d6400000, 0x0000000100000000)
  eden space 9216K, 0% used [0x00000000d5580000,0x00000000d5580000,0x00000000d5e80000)
  from space 2048K, 99% used [0x00000000d6100000,0x00000000d62fbdf0,0x00000000d6300000)
  to   space 2560K, 0% used [0x00000000d5e80000,0x00000000d5e80000,0x00000000d6100000)
 ParOldGen       total 211456K, used 211169K [0x0000000080000000, 0x000000008ce80000, 0x00000000d5580000)
  object space 211456K, 99% used [0x0000000080000000,0x000000008ce386b8,0x000000008ce80000)
 Metaspace       used 57838K, committed 59136K, reserved 1114112K
  class space    used 6193K, committed 6720K, reserved 1048576K
}
Event: 11.846 GC heap before
{Heap before GC invocations=97 (full 2):
 PSYoungGen      total 11264K, used 11247K [0x00000000d5580000, 0x00000000d6400000, 0x0000000100000000)
  eden space 9216K, 100% used [0x00000000d5580000,0x00000000d5e80000,0x00000000d5e80000)
  from space 2048K, 99% used [0x00000000d6100000,0x00000000d62fbdf0,0x00000000d6300000)
  to   space 2560K, 0% used [0x00000000d5e80000,0x00000000d5e80000,0x00000000d6100000)
 ParOldGen       total 211456K, used 211169K [0x0000000080000000, 0x000000008ce80000, 0x00000000d5580000)
  object space 211456K, 99% used [0x0000000080000000,0x000000008ce386b8,0x000000008ce80000)
 Metaspace       used 57951K, committed 59200K, reserved 1114112K
  class space    used 6213K, committed 6720K, reserved 1048576K
}
Event: 11.849 GC heap after
{Heap after GC invocations=97 (full 2):
 PSYoungGen      total 11776K, used 2117K [0x00000000d5580000, 0x00000000d6380000, 0x0000000100000000)
  eden space 9216K, 0% used [0x00000000d5580000,0x00000000d5580000,0x00000000d5e80000)
  from space 2560K, 82% used [0x00000000d5e80000,0x00000000d60915c0,0x00000000d6100000)
  to   space 2560K, 0% used [0x00000000d6100000,0x00000000d6100000,0x00000000d6380000)
 ParOldGen       total 212992K, used 212975K [0x0000000080000000, 0x000000008d000000, 0x00000000d5580000)
  object space 212992K, 99% used [0x0000000080000000,0x000000008cffbf50,0x000000008d000000)
 Metaspace       used 57951K, committed 59200K, reserved 1114112K
  class space    used 6213K, committed 6720K, reserved 1048576K
}
Event: 11.931 GC heap before
{Heap before GC invocations=98 (full 2):
 PSYoungGen      total 11776K, used 11333K [0x00000000d5580000, 0x00000000d6380000, 0x0000000100000000)
  eden space 9216K, 100% used [0x00000000d5580000,0x00000000d5e80000,0x00000000d5e80000)
  from space 2560K, 82% used [0x00000000d5e80000,0x00000000d60915c0,0x00000000d6100000)
  to   space 2560K, 0% used [0x00000000d6100000,0x00000000d6100000,0x00000000d6380000)
 ParOldGen       total 212992K, used 212975K [0x0000000080000000, 0x000000008d000000, 0x00000000d5580000)
  object space 212992K, 99% used [0x0000000080000000,0x000000008cffbf50,0x000000008d000000)
 Metaspace       used 57951K, committed 59200K, reserved 1114112K
  class space    used 6213K, committed 6720K, reserved 1048576K
}
Event: 11.934 GC heap after
{Heap after GC invocations=98 (full 2):
 PSYoungGen      total 11776K, used 2229K [0x00000000d5580000, 0x00000000d6380000, 0x0000000100000000)
  eden space 9216K, 0% used [0x00000000d5580000,0x00000000d5580000,0x00000000d5e80000)
  from space 2560K, 87% used [0x00000000d6100000,0x00000000d632d7f8,0x00000000d6380000)
  to   space 2560K, 0% used [0x00000000d5e80000,0x00000000d5e80000,0x00000000d6100000)
 ParOldGen       total 215040K, used 214946K [0x0000000080000000, 0x000000008d200000, 0x00000000d5580000)
  object space 215040K, 99% used [0x0000000080000000,0x000000008d1e8a80,0x000000008d200000)
 Metaspace       used 57951K, committed 59200K, reserved 1114112K
  class space    used 6213K, committed 6720K, reserved 1048576K
}
Event: 11.965 GC heap before
{Heap before GC invocations=99 (full 2):
 PSYoungGen      total 11776K, used 11445K [0x00000000d5580000, 0x00000000d6380000, 0x0000000100000000)
  eden space 9216K, 100% used [0x00000000d5580000,0x00000000d5e80000,0x00000000d5e80000)
  from space 2560K, 87% used [0x00000000d6100000,0x00000000d632d7f8,0x00000000d6380000)
  to   space 2560K, 0% used [0x00000000d5e80000,0x00000000d5e80000,0x00000000d6100000)
 ParOldGen       total 215040K, used 214946K [0x0000000080000000, 0x000000008d200000, 0x00000000d5580000)
  object space 215040K, 99% used [0x0000000080000000,0x000000008d1e8a80,0x000000008d200000)
 Metaspace       used 58068K, committed 59392K, reserved 1114112K
  class space    used 6235K, committed 6784K, reserved 1048576K
}

Dll operation events (10 events):
Event: 0.017 Loaded shared library c:\Users\shekh\.windsurf\extensions\redhat.java-1.44.0-win32-x64\jre\21.0.8-win32-x86_64\bin\java.dll
Event: 0.138 Loaded shared library c:\Users\shekh\.windsurf\extensions\redhat.java-1.44.0-win32-x64\jre\21.0.8-win32-x86_64\bin\zip.dll
Event: 0.196 Loaded shared library C:\Users\shekh\.windsurf\extensions\redhat.java-1.44.0-win32-x64\jre\21.0.8-win32-x86_64\bin\instrument.dll
Event: 0.205 Loaded shared library C:\Users\shekh\.windsurf\extensions\redhat.java-1.44.0-win32-x64\jre\21.0.8-win32-x86_64\bin\net.dll
Event: 0.210 Loaded shared library C:\Users\shekh\.windsurf\extensions\redhat.java-1.44.0-win32-x64\jre\21.0.8-win32-x86_64\bin\nio.dll
Event: 0.218 Loaded shared library C:\Users\shekh\.windsurf\extensions\redhat.java-1.44.0-win32-x64\jre\21.0.8-win32-x86_64\bin\zip.dll
Event: 0.263 Loaded shared library C:\Users\shekh\.windsurf\extensions\redhat.java-1.44.0-win32-x64\jre\21.0.8-win32-x86_64\bin\jimage.dll
Event: 0.389 Loaded shared library c:\Users\shekh\.windsurf\extensions\redhat.java-1.44.0-win32-x64\jre\21.0.8-win32-x86_64\bin\verify.dll
Event: 1.548 Loaded shared library C:\Users\shekh\AppData\Roaming\Windsurf\User\globalStorage\redhat.java\1.44.0\config_win\org.eclipse.equinox.launcher\org.eclipse.equinox.launcher.win32.win32.x86_64_1.2.1400.v20250730-1736\eclipse_11913.dll
Event: 2.997 Loaded shared library C:\Users\shekh\AppData\Local\Temp\jna-109403661\jna18407499843343728145.dll

Deoptimization events (20 events):
Event: 10.847 Thread 0x000001d3e07bbe20 DEOPT PACKING pc=0x000001d38531fa35 sp=0x000000140bbfe8c0
Event: 10.847 Thread 0x000001d3e07bbe20 DEOPT UNPACKING pc=0x000001d38bac4242 sp=0x000000140bbfdd68 mode 0
Event: 11.142 Thread 0x000001d3e3221030 Uncommon trap: trap_request=0xffffff45 fr.pc=0x000001d38c515c44 relative=0x0000000000004224
Event: 11.142 Thread 0x000001d3e3221030 Uncommon trap: reason=unstable_if action=reinterpret pc=0x000001d38c515c44 method=java.nio.file.FileTreeWalker.visit(Ljava/nio/file/Path;ZZ)Ljava/nio/file/FileTreeWalker$Event; @ 53 c2
Event: 11.142 Thread 0x000001d3e3221030 DEOPT PACKING pc=0x000001d38c515c44 sp=0x000000140d0febf0
Event: 11.142 Thread 0x000001d3e3221030 DEOPT UNPACKING pc=0x000001d38bac3aa2 sp=0x000000140d0feba8 mode 2
Event: 11.163 Thread 0x000001d3e3221030 Uncommon trap: trap_request=0xffffff45 fr.pc=0x000001d38c4b940c relative=0x00000000000001ac
Event: 11.163 Thread 0x000001d3e3221030 Uncommon trap: reason=unstable_if action=reinterpret pc=0x000001d38c4b940c method=java.util.regex.Pattern$SliceU.match(Ljava/util/regex/Matcher;ILjava/lang/CharSequence;)Z @ 18 c2
Event: 11.163 Thread 0x000001d3e3221030 DEOPT PACKING pc=0x000001d38c4b940c sp=0x000000140d0fe9d0
Event: 11.163 Thread 0x000001d3e3221030 DEOPT UNPACKING pc=0x000001d38bac3aa2 sp=0x000000140d0fe958 mode 2
Event: 11.221 Thread 0x000001d3e3221030 Uncommon trap: trap_request=0xffffffde fr.pc=0x000001d38c538fb4 relative=0x0000000000000434
Event: 11.221 Thread 0x000001d3e3221030 Uncommon trap: reason=class_check action=maybe_recompile pc=0x000001d38c538fb4 method=java.util.regex.Pattern$SliceU.match(Ljava/util/regex/Matcher;ILjava/lang/CharSequence;)Z @ 95 c2
Event: 11.221 Thread 0x000001d3e3221030 DEOPT PACKING pc=0x000001d38c538fb4 sp=0x000000140d0fe9c0
Event: 11.221 Thread 0x000001d3e3221030 DEOPT UNPACKING pc=0x000001d38bac3aa2 sp=0x000000140d0fe948 mode 2
Event: 11.613 Thread 0x000001d3e07bbe20 DEOPT PACKING pc=0x000001d3853b4134 sp=0x000000140bbfe910
Event: 11.613 Thread 0x000001d3e07bbe20 DEOPT UNPACKING pc=0x000001d38bac4242 sp=0x000000140bbfdd58 mode 0
Event: 11.662 Thread 0x000001d3e3221030 Uncommon trap: trap_request=0xffffffde fr.pc=0x000001d38c2536ac relative=0x00000000000025cc
Event: 11.662 Thread 0x000001d3e3221030 Uncommon trap: reason=class_check action=maybe_recompile pc=0x000001d38c2536ac method=sun.nio.cs.StreamDecoder.read([CII)I @ 8 c2
Event: 11.662 Thread 0x000001d3e3221030 DEOPT PACKING pc=0x000001d38c2536ac sp=0x000000140d0fe720
Event: 11.662 Thread 0x000001d3e3221030 DEOPT UNPACKING pc=0x000001d38bac3aa2 sp=0x000000140d0fe718 mode 2

Classes loaded (20 events):
Event: 10.174 Loading class java/util/TreeMap$TreeMapSpliterator done
Event: 10.174 Loading class java/util/TreeMap$ValueSpliterator done
Event: 10.224 Loading class java/nio/file/FileTreeWalker$1
Event: 10.224 Loading class java/nio/file/FileTreeWalker$1 done
Event: 10.225 Loading class sun/nio/fs/Globs
Event: 10.226 Loading class sun/nio/fs/Globs done
Event: 10.227 Loading class java/util/regex/Pattern$SliceU
Event: 10.228 Loading class java/util/regex/Pattern$SliceU done
Event: 10.228 Loading class sun/nio/fs/WindowsFileSystem$2
Event: 10.228 Loading class java/nio/file/PathMatcher
Event: 10.228 Loading class java/nio/file/PathMatcher done
Event: 10.228 Loading class sun/nio/fs/WindowsFileSystem$2 done
Event: 11.656 Loading class java/nio/file/FileChannelLinesSpliterator
Event: 11.656 Loading class java/nio/file/FileChannelLinesSpliterator done
Event: 11.661 Loading class java/util/stream/Streams$1
Event: 11.661 Loading class java/util/stream/Streams$1 done
Event: 11.662 Loading class java/nio/file/FileChannelLinesSpliterator$1
Event: 11.662 Loading class java/nio/file/FileChannelLinesSpliterator$1 done
Event: 11.942 Loading class java/util/concurrent/CopyOnWriteArraySet
Event: 11.943 Loading class java/util/concurrent/CopyOnWriteArraySet done

Classes unloaded (7 events):
Event: 3.488 Thread 0x000001d3d91e5330 Unloading class 0x000001d3991a7000 'java/lang/invoke/LambdaForm$MH+0x000001d3991a7000'
Event: 3.488 Thread 0x000001d3d91e5330 Unloading class 0x000001d3991a6c00 'java/lang/invoke/LambdaForm$MH+0x000001d3991a6c00'
Event: 3.488 Thread 0x000001d3d91e5330 Unloading class 0x000001d3991a6800 'java/lang/invoke/LambdaForm$MH+0x000001d3991a6800'
Event: 3.488 Thread 0x000001d3d91e5330 Unloading class 0x000001d3991a6400 'java/lang/invoke/LambdaForm$MH+0x000001d3991a6400'
Event: 3.488 Thread 0x000001d3d91e5330 Unloading class 0x000001d3991a6000 'java/lang/invoke/LambdaForm$BMH+0x000001d3991a6000'
Event: 3.488 Thread 0x000001d3d91e5330 Unloading class 0x000001d3991a5c00 'java/lang/invoke/LambdaForm$DMH+0x000001d3991a5c00'
Event: 3.488 Thread 0x000001d3d91e5330 Unloading class 0x000001d3991a4800 'java/lang/invoke/LambdaForm$DMH+0x000001d3991a4800'

Classes redefined (0 events):
No events

Internal exceptions (20 events):
Event: 11.636 Thread 0x000001d3e3221030 Exception <a 'sun/nio/fs/WindowsException'{0x00000000d5cd2310}> (0x00000000d5cd2310) 
thrown [s\src\hotspot\share\prims\jni.cpp, line 520]
Event: 11.636 Thread 0x000001d3e3221030 Exception <a 'sun/nio/fs/WindowsException'{0x00000000d5cd2ae0}> (0x00000000d5cd2ae0) 
thrown [s\src\hotspot\share\prims\jni.cpp, line 520]
Event: 11.637 Thread 0x000001d3e3221030 Exception <a 'sun/nio/fs/WindowsException'{0x00000000d5d0a548}> (0x00000000d5d0a548) 
thrown [s\src\hotspot\share\prims\jni.cpp, line 520]
Event: 11.637 Thread 0x000001d3e3221030 Exception <a 'sun/nio/fs/WindowsException'{0x00000000d5d0acf8}> (0x00000000d5d0acf8) 
thrown [s\src\hotspot\share\prims\jni.cpp, line 520]
Event: 11.637 Thread 0x000001d3e3221030 Exception <a 'sun/nio/fs/WindowsException'{0x00000000d5d0b4a8}> (0x00000000d5d0b4a8) 
thrown [s\src\hotspot\share\prims\jni.cpp, line 520]
Event: 11.637 Thread 0x000001d3e3221030 Exception <a 'sun/nio/fs/WindowsException'{0x00000000d5d0bc78}> (0x00000000d5d0bc78) 
thrown [s\src\hotspot\share\prims\jni.cpp, line 520]
Event: 11.638 Thread 0x000001d3e3221030 Exception <a 'sun/nio/fs/WindowsException'{0x00000000d5d12808}> (0x00000000d5d12808) 
thrown [s\src\hotspot\share\prims\jni.cpp, line 520]
Event: 11.638 Thread 0x000001d3e3221030 Exception <a 'sun/nio/fs/WindowsException'{0x00000000d5d12fe0}> (0x00000000d5d12fe0) 
thrown [s\src\hotspot\share\prims\jni.cpp, line 520]
Event: 11.638 Thread 0x000001d3e3221030 Exception <a 'sun/nio/fs/WindowsException'{0x00000000d5d137c0}> (0x00000000d5d137c0) 
thrown [s\src\hotspot\share\prims\jni.cpp, line 520]
Event: 11.638 Thread 0x000001d3e3221030 Exception <a 'sun/nio/fs/WindowsException'{0x00000000d5d13fb0}> (0x00000000d5d13fb0) 
thrown [s\src\hotspot\share\prims\jni.cpp, line 520]
Event: 11.639 Thread 0x000001d3e3221030 Exception <a 'sun/nio/fs/WindowsException'{0x00000000d5d19250}> (0x00000000d5d19250) 
thrown [s\src\hotspot\share\prims\jni.cpp, line 520]
Event: 11.639 Thread 0x000001d3e3221030 Exception <a 'sun/nio/fs/WindowsException'{0x00000000d5d19a30}> (0x00000000d5d19a30) 
thrown [s\src\hotspot\share\prims\jni.cpp, line 520]
Event: 11.639 Thread 0x000001d3e3221030 Exception <a 'sun/nio/fs/WindowsException'{0x00000000d5d1a210}> (0x00000000d5d1a210) 
thrown [s\src\hotspot\share\prims\jni.cpp, line 520]
Event: 11.639 Thread 0x000001d3e3221030 Exception <a 'sun/nio/fs/WindowsException'{0x00000000d5d1aa10}> (0x00000000d5d1aa10) 
thrown [s\src\hotspot\share\prims\jni.cpp, line 520]
Event: 11.639 Thread 0x000001d3e3221030 Exception <a 'sun/nio/fs/WindowsException'{0x00000000d5d4d978}> (0x00000000d5d4d978) 
thrown [s\src\hotspot\share\prims\jni.cpp, line 520]
Event: 11.639 Thread 0x000001d3e3221030 Exception <a 'sun/nio/fs/WindowsException'{0x00000000d5d4e128}> (0x00000000d5d4e128) 
thrown [s\src\hotspot\share\prims\jni.cpp, line 520]
Event: 11.639 Thread 0x000001d3e3221030 Exception <a 'sun/nio/fs/WindowsException'{0x00000000d5d4e8d8}> (0x00000000d5d4e8d8) 
thrown [s\src\hotspot\share\prims\jni.cpp, line 520]
Event: 11.639 Thread 0x000001d3e3221030 Exception <a 'sun/nio/fs/WindowsException'{0x00000000d5d4f0a8}> (0x00000000d5d4f0a8) 
thrown [s\src\hotspot\share\prims\jni.cpp, line 520]
Event: 11.947 Thread 0x000001d3e3221030 Exception <a 'java/lang/NoSuchMethodError'{0x00000000d59c1f90}: 'java.lang.Object java.lang.invoke.DirectMethodHandle$Holder.invokeVirtual(java.lang.Object, java.lang.Object, java.lang.Object, java.lang.Object)'> (0x00000000d59c1f90) 
thrown [s\src\hotspot\share\interpreter\linkResolver.cpp, line 773]
Event: 11.952 Thread 0x000001d3e3221030 Exception <a 'java/lang/NoSuchMethodError'{0x00000000d5aa1550}: 'java.lang.Object java.lang.invoke.DirectMethodHandle$Holder.invokeVirtual(java.lang.Object, java.lang.Object, java.lang.Object, java.lang.Object, java.lang.Object)'> (0x00000000d5aa1550) 
thrown [s\src\hotspot\share\interpreter\linkResolver.cpp, line 773]

ZGC Phase Switch (0 events):
No events

VM Operations (20 events):
Event: 11.388 Executing VM operation: ParallelGCFailedAllocation (Allocation Failure) done
Event: 11.418 Executing VM operation: ParallelGCFailedAllocation (Allocation Failure)
Event: 11.422 Executing VM operation: ParallelGCFailedAllocation (Allocation Failure) done
Event: 11.469 Executing VM operation: ParallelGCFailedAllocation (Allocation Failure)
Event: 11.472 Executing VM operation: ParallelGCFailedAllocation (Allocation Failure) done
Event: 11.509 Executing VM operation: ParallelGCFailedAllocation (Allocation Failure)
Event: 11.514 Executing VM operation: ParallelGCFailedAllocation (Allocation Failure) done
Event: 11.554 Executing VM operation: ParallelGCFailedAllocation (Allocation Failure)
Event: 11.557 Executing VM operation: ParallelGCFailedAllocation (Allocation Failure) done
Event: 11.657 Executing VM operation: ParallelGCFailedAllocation (Allocation Failure)
Event: 11.660 Executing VM operation: ParallelGCFailedAllocation (Allocation Failure) done
Event: 11.744 Executing VM operation: ParallelGCFailedAllocation (Allocation Failure)
Event: 11.748 Executing VM operation: ParallelGCFailedAllocation (Allocation Failure) done
Event: 11.806 Executing VM operation: ParallelGCFailedAllocation (Allocation Failure)
Event: 11.811 Executing VM operation: ParallelGCFailedAllocation (Allocation Failure) done
Event: 11.846 Executing VM operation: ParallelGCFailedAllocation (Allocation Failure)
Event: 11.849 Executing VM operation: ParallelGCFailedAllocation (Allocation Failure) done
Event: 11.873 Executing VM operation: ParallelGCFailedAllocation (Allocation Failure)
Event: 11.934 Executing VM operation: ParallelGCFailedAllocation (Allocation Failure) done
Event: 11.965 Executing VM operation: ParallelGCFailedAllocation (Allocation Failure)

Memory protections (0 events):
No events

Nmethod flushes (20 events):
Event: 4.625 Thread 0x000001d3d91e5330 flushing  nmethod 0x000001d384b8e510
Event: 4.625 Thread 0x000001d3d91e5330 flushing  nmethod 0x000001d384bcb890
Event: 4.625 Thread 0x000001d3d91e5330 flushing  nmethod 0x000001d384bcbc90
Event: 4.625 Thread 0x000001d3d91e5330 flushing  nmethod 0x000001d384bcc590
Event: 4.625 Thread 0x000001d3d91e5330 flushing  nmethod 0x000001d384bcd790
Event: 4.625 Thread 0x000001d3d91e5330 flushing  nmethod 0x000001d384bcdf90
Event: 4.625 Thread 0x000001d3d91e5330 flushing  nmethod 0x000001d384bce710
Event: 4.625 Thread 0x000001d3d91e5330 flushing  nmethod 0x000001d384bcf090
Event: 4.625 Thread 0x000001d3d91e5330 flushing  nmethod 0x000001d384bcf590
Event: 4.625 Thread 0x000001d3d91e5330 flushing  nmethod 0x000001d384bd0990
Event: 4.625 Thread 0x000001d3d91e5330 flushing  nmethod 0x000001d384bd1690
Event: 4.625 Thread 0x000001d3d91e5330 flushing  nmethod 0x000001d384bd1b10
Event: 4.625 Thread 0x000001d3d91e5330 flushing  nmethod 0x000001d384bd2810
Event: 4.625 Thread 0x000001d3d91e5330 flushing  nmethod 0x000001d384bd2d10
Event: 4.625 Thread 0x000001d3d91e5330 flushing  nmethod 0x000001d384bd3e10
Event: 4.625 Thread 0x000001d3d91e5330 flushing  nmethod 0x000001d384bf3b10
Event: 4.625 Thread 0x000001d3d91e5330 flushing  nmethod 0x000001d384c01790
Event: 4.625 Thread 0x000001d3d91e5330 flushing  nmethod 0x000001d384c10810
Event: 4.625 Thread 0x000001d3d91e5330 flushing  nmethod 0x000001d384c1b090
Event: 4.625 Thread 0x000001d3d91e5330 flushing  nmethod 0x000001d384caf490

Events (20 events):
Event: 7.733 Thread 0x000001d3e07bd1d0 Thread added: 0x000001d3e4a60300
Event: 7.733 Thread 0x000001d3e07bd1d0 Thread added: 0x000001d3e4a61d40
Event: 7.733 Thread 0x000001d3e07bd1d0 Thread added: 0x000001d3e1d3a2b0
Event: 7.733 Thread 0x000001d3e07bd1d0 Thread added: 0x000001d3e1d3a940
Event: 7.733 Thread 0x000001d3e07bd1d0 Thread added: 0x000001d3e1d3bcf0
Event: 7.733 Thread 0x000001d3e07bd1d0 Thread added: 0x000001d3e1d3ca10
Event: 7.733 Thread 0x000001d3e07bd1d0 Thread added: 0x000001d3e1d3d0a0
Event: 8.471 Thread 0x000001d3e055a5f0 Thread exited: 0x000001d3e055a5f0
Event: 9.178 Thread 0x000001d3e07bd1d0 Thread added: 0x000001d3e1d3c380
Event: 9.408 Thread 0x000001d3e07bd1d0 Thread added: 0x000001d3e1d39c20
Event: 9.444 Thread 0x000001d3e07bd1d0 Thread added: 0x000001d3e1d3b660
Event: 9.728 Thread 0x000001d3e07bd1d0 Thread added: 0x000001d3e1d3ddc0
Event: 9.778 Thread 0x000001d3e07bd1d0 Thread added: 0x000001d3e1d3e450
Event: 9.778 Thread 0x000001d3e07bd1d0 Thread added: 0x000001d3e1d3f800
Event: 9.788 Thread 0x000001d3e07bd1d0 Thread added: 0x000001d3e1d40bb0
Event: 9.817 Thread 0x000001d3e07bd1d0 Thread added: 0x000001d3e1d41240
Event: 9.843 Thread 0x000001d3e07bd1d0 Thread added: 0x000001d3e1d3eae0
Event: 9.844 Thread 0x000001d3e07bd1d0 Thread added: 0x000001d3e1d3f170
Event: 9.844 Thread 0x000001d3e07bd1d0 Thread added: 0x000001d3e1d3fe90
Event: 11.757 Thread 0x000001d3e3221030 Thread added: 0x000001d3e1d40520


Dynamic libraries:
0x00007ff6b1400000 - 0x00007ff6b140e000 	c:\Users\shekh\.windsurf\extensions\redhat.java-1.44.0-win32-x64\jre\21.0.8-win32-x86_64\bin\java.exe
0x00007ff88e380000 - 0x00007ff88e5e7000 	C:\WINDOWS\SYSTEM32\ntdll.dll
0x00007ff88c4c0000 - 0x00007ff88c589000 	C:\WINDOWS\System32\KERNEL32.DLL
0x00007ff88b780000 - 0x00007ff88bb70000 	C:\WINDOWS\System32\KERNELBASE.dll
0x00007ff88bb80000 - 0x00007ff88bccb000 	C:\WINDOWS\System32\ucrtbase.dll
0x00007ff867400000 - 0x00007ff86741e000 	c:\Users\shekh\.windsurf\extensions\redhat.java-1.44.0-win32-x64\jre\21.0.8-win32-x86_64\bin\VCRUNTIME140.dll
0x00007ff85d140000 - 0x00007ff85d158000 	c:\Users\shekh\.windsurf\extensions\redhat.java-1.44.0-win32-x64\jre\21.0.8-win32-x86_64\bin\jli.dll
0x00007ff88dfd0000 - 0x00007ff88e195000 	C:\WINDOWS\System32\USER32.dll
0x00007ff86c730000 - 0x00007ff86c9ca000 	C:\WINDOWS\WinSxS\amd64_microsoft.windows.common-controls_6595b64144ccf1df_6.0.26100.4768_none_3e0c112ce331287c\COMCTL32.dll
0x00007ff88bd60000 - 0x00007ff88bd87000 	C:\WINDOWS\System32\win32u.dll
0x00007ff88db10000 - 0x00007ff88db3b000 	C:\WINDOWS\System32\GDI32.dll
0x00007ff88c180000 - 0x00007ff88c229000 	C:\WINDOWS\System32\msvcrt.dll
0x00007ff88bd90000 - 0x00007ff88bec8000 	C:\WINDOWS\System32\gdi32full.dll
0x00007ff88b6d0000 - 0x00007ff88b773000 	C:\WINDOWS\System32\msvcp_win.dll
0x00007ff88e1a0000 - 0x00007ff88e1cf000 	C:\WINDOWS\System32\IMM32.DLL
0x00007ff882f60000 - 0x00007ff882f6c000 	c:\Users\shekh\.windsurf\extensions\redhat.java-1.44.0-win32-x64\jre\21.0.8-win32-x86_64\bin\vcruntime140_1.dll
0x00007ff81c580000 - 0x00007ff81c60d000 	c:\Users\shekh\.windsurf\extensions\redhat.java-1.44.0-win32-x64\jre\21.0.8-win32-x86_64\bin\msvcp140.dll
0x00007ff811250000 - 0x00007ff811fe7000 	c:\Users\shekh\.windsurf\extensions\redhat.java-1.44.0-win32-x64\jre\21.0.8-win32-x86_64\bin\server\jvm.dll
0x00007ff88d6e0000 - 0x00007ff88d794000 	C:\WINDOWS\System32\ADVAPI32.dll
0x00007ff88e1e0000 - 0x00007ff88e286000 	C:\WINDOWS\System32\sechost.dll
0x00007ff88c690000 - 0x00007ff88c7a8000 	C:\WINDOWS\System32\RPCRT4.dll
0x00007ff88e2c0000 - 0x00007ff88e334000 	C:\WINDOWS\System32\WS2_32.dll
0x00007ff87db30000 - 0x00007ff87db65000 	C:\WINDOWS\SYSTEM32\WINMM.dll
0x00007ff88b310000 - 0x00007ff88b36e000 	C:\WINDOWS\SYSTEM32\POWRPROF.dll
0x00007ff883270000 - 0x00007ff88327b000 	C:\WINDOWS\SYSTEM32\VERSION.dll
0x00007ff88b2f0000 - 0x00007ff88b304000 	C:\WINDOWS\SYSTEM32\UMPDC.dll
0x00007ff88a230000 - 0x00007ff88a24b000 	C:\WINDOWS\SYSTEM32\kernel.appcore.dll
0x00007ff882df0000 - 0x00007ff882dfa000 	c:\Users\shekh\.windsurf\extensions\redhat.java-1.44.0-win32-x64\jre\21.0.8-win32-x86_64\bin\jimage.dll
0x00007ff888ab0000 - 0x00007ff888cf1000 	C:\WINDOWS\SYSTEM32\DBGHELP.DLL
0x00007ff88c7b0000 - 0x00007ff88cb35000 	C:\WINDOWS\System32\combase.dll
0x00007ff88c3c0000 - 0x00007ff88c4a0000 	C:\WINDOWS\System32\OLEAUT32.dll
0x00007ff853850000 - 0x00007ff853893000 	C:\WINDOWS\SYSTEM32\dbgcore.DLL
0x00007ff88b630000 - 0x00007ff88b6c9000 	C:\WINDOWS\System32\bcryptPrimitives.dll
0x00007ff8779b0000 - 0x00007ff8779bf000 	c:\Users\shekh\.windsurf\extensions\redhat.java-1.44.0-win32-x64\jre\21.0.8-win32-x86_64\bin\instrument.dll
0x00007ff8581e0000 - 0x00007ff8581ff000 	c:\Users\shekh\.windsurf\extensions\redhat.java-1.44.0-win32-x64\jre\21.0.8-win32-x86_64\bin\java.dll
0x00007ff88cf90000 - 0x00007ff88d6dd000 	C:\WINDOWS\System32\SHELL32.dll
0x00007ff88bf90000 - 0x00007ff88c103000 	C:\WINDOWS\System32\wintypes.dll
0x00007ff889090000 - 0x00007ff8898ef000 	C:\WINDOWS\SYSTEM32\windows.storage.dll
0x00007ff88c590000 - 0x00007ff88c685000 	C:\WINDOWS\System32\SHCORE.dll
0x00007ff88d990000 - 0x00007ff88d9fa000 	C:\WINDOWS\System32\shlwapi.dll
0x00007ff88b3d0000 - 0x00007ff88b3f9000 	C:\WINDOWS\SYSTEM32\profapi.dll
0x00007ff858170000 - 0x00007ff858188000 	c:\Users\shekh\.windsurf\extensions\redhat.java-1.44.0-win32-x64\jre\21.0.8-win32-x86_64\bin\zip.dll
0x00007ff877980000 - 0x00007ff877990000 	C:\Users\shekh\.windsurf\extensions\redhat.java-1.44.0-win32-x64\jre\21.0.8-win32-x86_64\bin\net.dll
0x00007ff883b80000 - 0x00007ff883c9e000 	C:\WINDOWS\SYSTEM32\WINHTTP.dll
0x00007ff88a7c0000 - 0x00007ff88a82b000 	C:\WINDOWS\system32\mswsock.dll
0x00007ff857530000 - 0x00007ff857546000 	C:\Users\shekh\.windsurf\extensions\redhat.java-1.44.0-win32-x64\jre\21.0.8-win32-x86_64\bin\nio.dll
0x00007ff885a40000 - 0x00007ff885a50000 	c:\Users\shekh\.windsurf\extensions\redhat.java-1.44.0-win32-x64\jre\21.0.8-win32-x86_64\bin\verify.dll
0x00007ff8467f0000 - 0x00007ff846835000 	C:\Users\shekh\AppData\Roaming\Windsurf\User\globalStorage\redhat.java\1.44.0\config_win\org.eclipse.equinox.launcher\org.eclipse.equinox.launcher.win32.win32.x86_64_1.2.1400.v20250730-1736\eclipse_11913.dll
0x00007ff88cde0000 - 0x00007ff88cf80000 	C:\WINDOWS\System32\ole32.dll
0x00007ff88aa80000 - 0x00007ff88aa9b000 	C:\WINDOWS\SYSTEM32\CRYPTSP.dll
0x00007ff88a190000 - 0x00007ff88a1cb000 	C:\WINDOWS\system32\rsaenh.dll
0x00007ff88a860000 - 0x00007ff88a88b000 	C:\WINDOWS\SYSTEM32\USERENV.dll
0x00007ff88b3a0000 - 0x00007ff88b3c6000 	C:\WINDOWS\SYSTEM32\bcrypt.dll
0x00007ff88aaa0000 - 0x00007ff88aaac000 	C:\WINDOWS\SYSTEM32\CRYPTBASE.dll
0x00007ff889c70000 - 0x00007ff889ca3000 	C:\WINDOWS\SYSTEM32\IPHLPAPI.DLL
0x00007ff88c170000 - 0x00007ff88c17a000 	C:\WINDOWS\System32\NSI.dll
0x00007ff854f40000 - 0x00007ff854f89000 	C:\Users\shekh\AppData\Local\Temp\jna-109403661\jna18407499843343728145.dll
0x00007ff88cb60000 - 0x00007ff88cb68000 	C:\WINDOWS\System32\PSAPI.DLL
0x00007ff885100000 - 0x00007ff88511f000 	C:\WINDOWS\SYSTEM32\dhcpcsvc6.DLL
0x00007ff884f70000 - 0x00007ff884f95000 	C:\WINDOWS\SYSTEM32\dhcpcsvc.DLL

JVMTI agents:
c:\Users\shekh\.windsurf\extensions\redhat.java-1.44.0-win32-x64\lombok\lombok-1.18.39-4050.jar path:c:\Users\shekh\.windsurf\extensions\redhat.java-1.44.0-win32-x64\jre\21.0.8-win32-x86_64\bin\instrument.dll, loaded, initialized, instrumentlib options:none

dbghelp: loaded successfully - version: 4.0.5 - missing functions: none
symbol engine: initialized successfully - sym options: 0x614 - pdb path: .;c:\Users\shekh\.windsurf\extensions\redhat.java-1.44.0-win32-x64\jre\21.0.8-win32-x86_64\bin;C:\WINDOWS\SYSTEM32;C:\WINDOWS\WinSxS\amd64_microsoft.windows.common-controls_6595b64144ccf1df_6.0.26100.4768_none_3e0c112ce331287c;c:\Users\shekh\.windsurf\extensions\redhat.java-1.44.0-win32-x64\jre\21.0.8-win32-x86_64\bin\server;C:\Users\shekh\AppData\Roaming\Windsurf\User\globalStorage\redhat.java\1.44.0\config_win\org.eclipse.equinox.launcher\org.eclipse.equinox.launcher.win32.win32.x86_64_1.2.1400.v20250730-1736;C:\Users\shekh\AppData\Local\Temp\jna-109403661

VM Arguments:
jvm_args: --add-modules=ALL-SYSTEM --add-opens=java.base/java.util=ALL-UNNAMED --add-opens=java.base/java.lang=ALL-UNNAMED --add-opens=java.base/sun.nio.fs=ALL-UNNAMED -Declipse.application=org.eclipse.jdt.ls.core.id1 -Dosgi.bundles.defaultStartLevel=4 -Declipse.product=org.eclipse.jdt.ls.core.product -Djava.import.generatesMetadataFilesAtProjectRoot=false -DDetectVMInstallationsJob.disabled=true -Dfile.encoding=utf8 -XX:+UseParallelGC -XX:GCTimeRatio=4 -XX:AdaptiveSizePolicyWeight=90 -Dsun.zip.disableMemoryMapping=true -Xmx2G -Xms100m -Xlog:disable -javaagent:c:\Users\shekh\.windsurf\extensions\redhat.java-1.44.0-win32-x64\lombok\lombok-1.18.39-4050.jar -XX:+HeapDumpOnOutOfMemoryError -XX:HeapDumpPath=c:\Users\shekh\AppData\Roaming\Windsurf\User\workspaceStorage\c1443ebb7bbc7fb20ebaf31c0759c607\redhat.java -Daether.dependencyCollector.impl=bf 
java_command: c:\Users\shekh\.windsurf\extensions\redhat.java-1.44.0-win32-x64\server\plugins\org.eclipse.equinox.launcher_1.7.0.v20250519-0528.jar -configuration c:\Users\shekh\AppData\Roaming\Windsurf\User\globalStorage\redhat.java\1.44.0\config_win -data c:\Users\shekh\AppData\Roaming\Windsurf\User\workspaceStorage\c1443ebb7bbc7fb20ebaf31c0759c607\redhat.java\jdt_ws --pipe=\\.\pipe\lsp-4ba403d8cc7326acef8d20fdb9a83c81-sock
java_class_path (initial): c:\Users\shekh\.windsurf\extensions\redhat.java-1.44.0-win32-x64\server\plugins\org.eclipse.equinox.launcher_1.7.0.v20250519-0528.jar
Launcher Type: SUN_STANDARD

[Global flags]
    uintx AdaptiveSizePolicyWeight                 = 90                                        {product} {command line}
     intx CICompilerCount                          = 4                                         {product} {ergonomic}
    uintx GCTimeRatio                              = 4                                         {product} {command line}
     bool HeapDumpOnOutOfMemoryError               = true                                   {manageable} {command line}
    ccstr HeapDumpPath                             = c:\Users\shekh\AppData\Roaming\Windsurf\User\workspaceStorage\c1443ebb7bbc7fb20ebaf31c0759c607\redhat.java         {manageable} {command line}
   size_t InitialHeapSize                          = 104857600                                 {product} {command line}
   size_t MaxHeapSize                              = 2147483648                                {product} {command line}
   size_t MaxNewSize                               = 715653120                                 {product} {ergonomic}
   size_t MinHeapDeltaBytes                        = 524288                                    {product} {ergonomic}
   size_t MinHeapSize                              = 104857600                                 {product} {command line}
   size_t NewSize                                  = 34603008                                  {product} {ergonomic}
    uintx NonNMethodCodeHeapSize                   = 5839372                                {pd product} {ergonomic}
    uintx NonProfiledCodeHeapSize                  = 122909434                              {pd product} {ergonomic}
   size_t OldSize                                  = 70254592                                  {product} {ergonomic}
    uintx ProfiledCodeHeapSize                     = 122909434                              {pd product} {ergonomic}
    uintx ReservedCodeCacheSize                    = 251658240                              {pd product} {ergonomic}
     bool SegmentedCodeCache                       = true                                      {product} {ergonomic}
   size_t SoftMaxHeapSize                          = 2147483648                             {manageable} {ergonomic}
     bool UseCompressedOops                        = true                           {product lp64_product} {ergonomic}
     bool UseLargePagesIndividualAllocation        = false                                  {pd product} {ergonomic}
     bool UseParallelGC                            = true                                      {product} {command line}

Logging:
Log output configuration:
 #0: stdout all=off uptime,level,tags foldmultilines=false
 #1: stderr all=off uptime,level,tags foldmultilines=false

Environment Variables:
PATH=C:\Program Files\Eclipse Adoptium\jdk-21.0.7.6-hotspot\bin;C:\Windows\system32;C:\Windows;C:\Windows\System32\Wbem;C:\Windows\System32\WindowsPowerShell\v1.0\;C:\Windows\System32\OpenSSH\;C:\Program Files (x86)\NVIDIA Corporation\PhysX\Common;C:\Program Files\NVIDIA Corporation\NVIDIA NvDLISR;C:\Program Files\Docker\Docker\resources\bin;c:\Users\shekh\AppData\Local\Programs\cursor\resources\app\bin;C:\Program Files\nodejs\;C:\WINDOWS\system32;C:\WINDOWS;C:\WINDOWS\System32\Wbem;C:\WINDOWS\System32\WindowsPowerShell\v1.0\;C:\WINDOWS\System32\OpenSSH\;C:\Program Files\PuTTY\;C:\Users\shekh\AppData\Local\Android\Sdk\platform-tools;C:\Program Files\Git\cmd;C:\flutter\bin;C:\Users\shekh\AppData\Local\Programs\Python\Python312\Scripts\;C:\Users\shekh\AppData\Local\Programs\Python\Python312\;C:\Users\shekh\AppData\Local\Microsoft\WindowsApps;C:\Users\shekh\AppData\Local\Programs\Microsoft VS Code\bin;C:\Users\shekh\AppData\Local\Programs\Windsurf\bin;C:\Users\shekh\AppData\Local\Programs\cursor\resources\app\bin;C:\Users\shekh\AppData\Roaming\npm;C:\Users\shekh\.fly\bin;C:\Users\shekh\AppData\Local\Microsoft\WindowsApps;C:\Users\shekh\Desktop\flutter\flutter\bin
USERNAME=shekh
OS=Windows_NT
PROCESSOR_IDENTIFIER=Intel64 Family 6 Model 154 Stepping 3, GenuineIntel
TMP=C:\Users\shekh\AppData\Local\Temp
TEMP=C:\Users\shekh\AppData\Local\Temp




Periodic native trim disabled

---------------  S Y S T E M  ---------------

OS:
 Windows 11 , 64 bit Build 26100 (10.0.26100.4768)
OS uptime: 0 days 13:45 hours
Hyper-V role detected

CPU: total 12 (initial active 12) (6 cores per cpu, 2 threads per core) family 6 model 154 stepping 3 microcode 0x429, cx8, cmov, fxsr, ht, mmx, 3dnowpref, sse, sse2, sse3, ssse3, sse4.1, sse4.2, popcnt, lzcnt, tsc, tscinvbit, avx, avx2, aes, erms, clmul, bmi1, bmi2, adx, sha, fma, vzeroupper, clflush, clflushopt, clwb, hv, serialize, rdtscp, rdpid, fsrm, f16c, cet_ibt, cet_ss
Processor Information for processor 0
  Max Mhz: 2000, Current Mhz: 2000, Mhz Limit: 2000
Processor Information for processor 1
  Max Mhz: 2000, Current Mhz: 2000, Mhz Limit: 2000
Processor Information for processor 2
  Max Mhz: 2000, Current Mhz: 2000, Mhz Limit: 2000
Processor Information for processor 3
  Max Mhz: 2000, Current Mhz: 2000, Mhz Limit: 2000
Processor Information for processor 4
  Max Mhz: 2000, Current Mhz: 2000, Mhz Limit: 2000
Processor Information for processor 5
  Max Mhz: 2000, Current Mhz: 2000, Mhz Limit: 2000
Processor Information for processor 6
  Max Mhz: 2000, Current Mhz: 2000, Mhz Limit: 2000
Processor Information for processor 7
  Max Mhz: 2000, Current Mhz: 2000, Mhz Limit: 2000
Processor Information for processor 8
  Max Mhz: 2000, Current Mhz: 1500, Mhz Limit: 1500
Processor Information for processor 9
  Max Mhz: 2000, Current Mhz: 1500, Mhz Limit: 1500
Processor Information for processor 10
  Max Mhz: 2000, Current Mhz: 1500, Mhz Limit: 1500
Processor Information for processor 11
  Max Mhz: 2000, Current Mhz: 1500, Mhz Limit: 1500

Memory: 4k page, system-wide physical 7866M (575M free)
TotalPageFile size 32442M (AvailPageFile size 5M)
current process WorkingSet (physical memory assigned to process): 491M, peak: 491M
current process commit charge ("private bytes"): 513M, peak: 513M

vm_info: OpenJDK 64-Bit Server VM (21.0.8+9-LTS) for windows-amd64 JRE (21.0.8+9-LTS), built on 2025-07-15T00:00:00Z by "admin" with MS VC++ 17.7 (VS2022)

END.
