#
# There is insufficient memory for the Java Runtime Environment to continue.
# Native memory allocation (malloc) failed to allocate 1850128 bytes. Error detail: Chunk::new
# Possible reasons:
#   The system is out of physical RAM or swap space
#   This process is running with CompressedOops enabled, and the Java Heap may be blocking the growth of the native heap
# Possible solutions:
#   Reduce memory load on the system
#   Increase physical memory or swap space
#   Check if swap backing store is full
#   Decrease Java heap size (-Xmx/-Xms)
#   Decrease number of Java threads
#   Decrease Java thread stack sizes (-Xss)
#   Set larger code cache with -XX:ReservedCodeCacheSize=
#   JVM is running with Unscaled Compressed Oops mode in which the Java heap is
#     placed in the first 4GB address space. The Java Heap base address is the
#     maximum limit for the native heap growth. Please use -XX:HeapBaseMinAddress
#     to set the Java Heap base and to place the Java Heap above 4GB virtual address.
# This output file may be truncated or incomplete.
#
#  Out of Memory Error (arena.cpp:168), pid=1456, tid=7008
#
# JRE version: OpenJDK Runtime Environment Temurin-21.0.8+9 (21.0.8+9) (build 21.0.8+9-LTS)
# Java VM: OpenJDK 64-Bit Server VM Temurin-21.0.8+9 (21.0.8+9-LTS, mixed mode, sharing, tiered, compressed oops, compressed class ptrs, parallel gc, windows-amd64)
# No core dump will be written. Minidumps are not enabled by default on client versions of Windows
#

---------------  S U M M A R Y ------------

Command Line: --add-modules=ALL-SYSTEM --add-opens=java.base/java.util=ALL-UNNAMED --add-opens=java.base/java.lang=ALL-UNNAMED --add-opens=java.base/sun.nio.fs=ALL-UNNAMED -Declipse.application=org.eclipse.jdt.ls.core.id1 -Dosgi.bundles.defaultStartLevel=4 -Declipse.product=org.eclipse.jdt.ls.core.product -Djava.import.generatesMetadataFilesAtProjectRoot=false -DDetectVMInstallationsJob.disabled=true -Dfile.encoding=utf8 -XX:+UseParallelGC -XX:GCTimeRatio=4 -XX:AdaptiveSizePolicyWeight=90 -Dsun.zip.disableMemoryMapping=true -Xmx2G -Xms100m -Xlog:disable -javaagent:c:\Users\shekh\.windsurf\extensions\redhat.java-1.44.0-win32-x64\lombok\lombok-1.18.39-4050.jar -XX:+HeapDumpOnOutOfMemoryError -XX:HeapDumpPath=c:\Users\shekh\AppData\Roaming\Windsurf\User\workspaceStorage\c1443ebb7bbc7fb20ebaf31c0759c607\redhat.java -Daether.dependencyCollector.impl=bf c:\Users\shekh\.windsurf\extensions\redhat.java-1.44.0-win32-x64\server\plugins\org.eclipse.equinox.launcher_1.7.0.v20250519-0528.jar -configuration c:\Users\shekh\AppData\Roaming\Windsurf\User\globalStorage\redhat.java\1.44.0\config_win -data c:\Users\shekh\AppData\Roaming\Windsurf\User\workspaceStorage\c1443ebb7bbc7fb20ebaf31c0759c607\redhat.java\jdt_ws --pipe=\\.\pipe\lsp-b17dec732f16cc38ec48c8ba79da0634-sock

Host: 12th Gen Intel(R) Core(TM) i5-12450H, 12 cores, 7G,  Windows 11 , 64 bit Build 26100 (10.0.26100.4768)
Time: Sat Aug  2 01:22:32 2025 Nepal Standard Time elapsed time: 6.901671 seconds (0d 0h 0m 6s)

---------------  T H R E A D  ---------------

Current thread (0x000001a8f8798660):  JavaThread "C2 CompilerThread1" daemon [_thread_in_native, id=7008, stack(0x0000001fdf300000,0x0000001fdf400000) (1024K)]


Current CompileTask:
C2:6901 4989       4       java.lang.invoke.MethodType::makeImpl (109 bytes)

Stack: [0x0000001fdf300000,0x0000001fdf400000]
Native frames: (J=compiled Java code, j=interpreted, Vv=VM code, C=native code)
V  [jvm.dll+0x6d2449]
V  [jvm.dll+0x8ae341]
V  [jvm.dll+0x8b08be]
V  [jvm.dll+0x8b0fa3]
V  [jvm.dll+0x280c96]
V  [jvm.dll+0xc581d]
V  [jvm.dll+0xc5d53]
V  [jvm.dll+0x3b919c]
V  [jvm.dll+0x385315]
V  [jvm.dll+0x38477a]
V  [jvm.dll+0x248ed0]
V  [jvm.dll+0x2484af]
V  [jvm.dll+0x1c89ee]
V  [jvm.dll+0x257d4d]
V  [jvm.dll+0x2562ea]
V  [jvm.dll+0x3f2d16]
V  [jvm.dll+0x857e6b]
V  [jvm.dll+0x6d0b0d]
C  [ucrtbase.dll+0x37b0]
C  [KERNEL32.DLL+0x2e8d7]
C  [ntdll.dll+0x3c34c]


---------------  P R O C E S S  ---------------

Threads class SMR info:
_java_thread_list=0x000001a8f7ed1740, length=44, elements={
0x000001a8d7d89950, 0x000001a8f2a644b0, 0x000001a8da15d770, 0x000001a8f2a67b30,
0x000001a8f2a68780, 0x000001a8f2a6b5e0, 0x000001a8f2a6c030, 0x000001a8f2a6edc0,
0x000001a8f2aeabd0, 0x000001a8f2b56100, 0x000001a8f2d34bd0, 0x000001a8f78456c0,
0x000001a8f7a113b0, 0x000001a8f7575a90, 0x000001a8f75768d0, 0x000001a8f7e05860,
0x000001a8f7fd2ab0, 0x000001a8f7d8bac0, 0x000001a8f7978900, 0x000001a8f7979620,
0x000001a8f7978270, 0x000001a8f797a340, 0x000001a8f8798660, 0x000001a8f7979cb0,
0x000001a8f797a9d0, 0x000001a8f797b060, 0x000001a8f7977be0, 0x000001a8f7978f90,
0x000001a8fb4a48a0, 0x000001a8fb4a4210, 0x000001a8fb4a7000, 0x000001a8fb4a62e0,
0x000001a8fb4a3b80, 0x000001a8fb4a7690, 0x000001a8fb4a4f30, 0x000001a8fb4a83b0,
0x000001a8fb4a5c50, 0x000001a8fb4a8a40, 0x000001a8fb4a55c0, 0x000001a8fb4a90d0,
0x000001a8fb4a9760, 0x000001a8fb4a9df0, 0x000001a8fb4a7d20, 0x000001a8fb4a6970
}

Java Threads: ( => current thread )
  0x000001a8d7d89950 JavaThread "main"                              [_thread_blocked, id=9976, stack(0x0000001fdd100000,0x0000001fdd200000) (1024K)]
  0x000001a8f2a644b0 JavaThread "Reference Handler"          daemon [_thread_blocked, id=24428, stack(0x0000001fdd500000,0x0000001fdd600000) (1024K)]
  0x000001a8da15d770 JavaThread "Finalizer"                  daemon [_thread_blocked, id=24600, stack(0x0000001fdd600000,0x0000001fdd700000) (1024K)]
  0x000001a8f2a67b30 JavaThread "Signal Dispatcher"          daemon [_thread_blocked, id=16300, stack(0x0000001fdd700000,0x0000001fdd800000) (1024K)]
  0x000001a8f2a68780 JavaThread "Attach Listener"            daemon [_thread_blocked, id=9008, stack(0x0000001fdd800000,0x0000001fdd900000) (1024K)]
  0x000001a8f2a6b5e0 JavaThread "Service Thread"             daemon [_thread_blocked, id=1344, stack(0x0000001fdd900000,0x0000001fdda00000) (1024K)]
  0x000001a8f2a6c030 JavaThread "Monitor Deflation Thread"   daemon [_thread_blocked, id=8904, stack(0x0000001fdda00000,0x0000001fddb00000) (1024K)]
  0x000001a8f2a6edc0 JavaThread "C2 CompilerThread0"         daemon [_thread_in_native, id=22892, stack(0x0000001fddb00000,0x0000001fddc00000) (1024K)]
  0x000001a8f2aeabd0 JavaThread "C1 CompilerThread0"         daemon [_thread_blocked, id=3828, stack(0x0000001fddc00000,0x0000001fddd00000) (1024K)]
  0x000001a8f2b56100 JavaThread "Common-Cleaner"             daemon [_thread_blocked, id=6760, stack(0x0000001fddd00000,0x0000001fdde00000) (1024K)]
  0x000001a8f2d34bd0 JavaThread "Notification Thread"        daemon [_thread_blocked, id=25492, stack(0x0000001fdde00000,0x0000001fddf00000) (1024K)]
  0x000001a8f78456c0 JavaThread "Active Thread: Equinox Container: 08e6a688-738f-401a-af46-92d79ba827c2"        [_thread_blocked, id=24868, stack(0x0000001fde700000,0x0000001fde800000) (1024K)]
  0x000001a8f7a113b0 JavaThread "Refresh Thread: Equinox Container: 08e6a688-738f-401a-af46-92d79ba827c2" daemon [_thread_blocked, id=6312, stack(0x0000001fde900000,0x0000001fdea00000) (1024K)]
  0x000001a8f7575a90 JavaThread "Framework Event Dispatcher: Equinox Container: 08e6a688-738f-401a-af46-92d79ba827c2" daemon [_thread_blocked, id=27780, stack(0x0000001fdea00000,0x0000001fdeb00000) (1024K)]
  0x000001a8f75768d0 JavaThread "Start Level: Equinox Container: 08e6a688-738f-401a-af46-92d79ba827c2" daemon [_thread_blocked, id=30692, stack(0x0000001fdeb00000,0x0000001fdec00000) (1024K)]
  0x000001a8f7e05860 JavaThread "Bundle File Closer"         daemon [_thread_blocked, id=20040, stack(0x0000001fdee00000,0x0000001fdef00000) (1024K)]
  0x000001a8f7fd2ab0 JavaThread "SCR Component Actor"        daemon [_thread_blocked, id=26492, stack(0x0000001fde000000,0x0000001fde100000) (1024K)]
  0x000001a8f7d8bac0 JavaThread "SCR Component Registry"     daemon [_thread_blocked, id=9144, stack(0x0000001fdef00000,0x0000001fdf000000) (1024K)]
  0x000001a8f7978900 JavaThread "Worker-JM"                         [_thread_blocked, id=28064, stack(0x0000001fdf000000,0x0000001fdf100000) (1024K)]
  0x000001a8f7979620 JavaThread "JNA Cleaner"                daemon [_thread_blocked, id=19312, stack(0x0000001fddf00000,0x0000001fde000000) (1024K)]
  0x000001a8f7978270 JavaThread "Worker-0: Updating Maven Dependencies"        [_thread_in_native, id=22700, stack(0x0000001fdf100000,0x0000001fdf200000) (1024K)]
  0x000001a8f797a340 JavaThread "Worker-1: Repository registry initialization"        [_thread_blocked, id=27860, stack(0x0000001fdf200000,0x0000001fdf300000) (1024K)]
=>0x000001a8f8798660 JavaThread "C2 CompilerThread1"         daemon [_thread_in_native, id=7008, stack(0x0000001fdf300000,0x0000001fdf400000) (1024K)]
  0x000001a8f7979cb0 JavaThread "Java indexing"              daemon [_thread_blocked, id=19736, stack(0x0000001fdf400000,0x0000001fdf500000) (1024K)]
  0x000001a8f797a9d0 JavaThread "Worker-2"                          [_thread_blocked, id=25460, stack(0x0000001fdf500000,0x0000001fdf600000) (1024K)]
  0x000001a8f797b060 JavaThread "Worker-3: Initialize After Load"        [_thread_blocked, id=30500, stack(0x0000001fdf600000,0x0000001fdf700000) (1024K)]
  0x000001a8f7977be0 JavaThread "Worker-4"                          [_thread_blocked, id=23780, stack(0x0000001fdf900000,0x0000001fdfa00000) (1024K)]
  0x000001a8f7978f90 JavaThread "Worker-5"                          [_thread_blocked, id=20520, stack(0x0000001fdfa00000,0x0000001fdfb00000) (1024K)]
  0x000001a8fb4a48a0 JavaThread "Thread-2"                   daemon [_thread_in_native, id=17036, stack(0x0000001fdfb00000,0x0000001fdfc00000) (1024K)]
  0x000001a8fb4a4210 JavaThread "Thread-3"                   daemon [_thread_in_native, id=26440, stack(0x0000001fdfc00000,0x0000001fdfd00000) (1024K)]
  0x000001a8fb4a7000 JavaThread "Thread-4"                   daemon [_thread_in_native, id=5604, stack(0x0000001fdfd00000,0x0000001fdfe00000) (1024K)]
  0x000001a8fb4a62e0 JavaThread "Thread-5"                   daemon [_thread_in_native, id=21040, stack(0x0000001fdfe00000,0x0000001fdff00000) (1024K)]
  0x000001a8fb4a3b80 JavaThread "Thread-6"                   daemon [_thread_in_native, id=28908, stack(0x0000001fdff00000,0x0000001fe0000000) (1024K)]
  0x000001a8fb4a7690 JavaThread "Thread-7"                   daemon [_thread_in_native, id=29644, stack(0x0000001fe0000000,0x0000001fe0100000) (1024K)]
  0x000001a8fb4a4f30 JavaThread "Thread-8"                   daemon [_thread_in_native, id=7632, stack(0x0000001fe0100000,0x0000001fe0200000) (1024K)]
  0x000001a8fb4a83b0 JavaThread "Thread-9"                   daemon [_thread_in_native, id=2036, stack(0x0000001fe0200000,0x0000001fe0300000) (1024K)]
  0x000001a8fb4a5c50 JavaThread "Thread-10"                  daemon [_thread_in_native, id=22464, stack(0x0000001fe0300000,0x0000001fe0400000) (1024K)]
  0x000001a8fb4a8a40 JavaThread "Thread-11"                  daemon [_thread_in_native, id=25236, stack(0x0000001fe0400000,0x0000001fe0500000) (1024K)]
  0x000001a8fb4a55c0 JavaThread "Thread-12"                  daemon [_thread_in_native, id=21836, stack(0x0000001fe0500000,0x0000001fe0600000) (1024K)]
  0x000001a8fb4a90d0 JavaThread "Thread-13"                  daemon [_thread_in_native, id=5236, stack(0x0000001fe0600000,0x0000001fe0700000) (1024K)]
  0x000001a8fb4a9760 JavaThread "Thread-14"                  daemon [_thread_in_native, id=28828, stack(0x0000001fe0700000,0x0000001fe0800000) (1024K)]
  0x000001a8fb4a9df0 JavaThread "pool-2-thread-1"                   [_thread_blocked, id=25212, stack(0x0000001fe0800000,0x0000001fe0900000) (1024K)]
  0x000001a8fb4a7d20 JavaThread "WorkspaceEventsHandler"            [_thread_blocked, id=23704, stack(0x0000001fe0900000,0x0000001fe0a00000) (1024K)]
  0x000001a8fb4a6970 JavaThread "pool-1-thread-1"                   [_thread_blocked, id=16604, stack(0x0000001fe0a00000,0x0000001fe0b00000) (1024K)]
Total: 44

Other Threads:
  0x000001a8da143570 VMThread "VM Thread"                           [id=30568, stack(0x0000001fdd400000,0x0000001fdd500000) (1024K)]
  0x000001a8da03ca00 WatcherThread "VM Periodic Task Thread"        [id=3528, stack(0x0000001fdd300000,0x0000001fdd400000) (1024K)]
  0x000001a8da1caf40 WorkerThread "GC Thread#0"                     [id=4188, stack(0x0000001fdd200000,0x0000001fdd300000) (1024K)]
  0x000001a8f7681940 WorkerThread "GC Thread#1"                     [id=21952, stack(0x0000001fde100000,0x0000001fde200000) (1024K)]
  0x000001a8f77e48b0 WorkerThread "GC Thread#2"                     [id=11836, stack(0x0000001fde200000,0x0000001fde300000) (1024K)]
  0x000001a8f73f1cd0 WorkerThread "GC Thread#3"                     [id=20632, stack(0x0000001fde300000,0x0000001fde400000) (1024K)]
  0x000001a8f73f2070 WorkerThread "GC Thread#4"                     [id=768, stack(0x0000001fde400000,0x0000001fde500000) (1024K)]
  0x000001a8f72c1de0 WorkerThread "GC Thread#5"                     [id=30428, stack(0x0000001fde500000,0x0000001fde600000) (1024K)]
  0x000001a8f72c2180 WorkerThread "GC Thread#6"                     [id=11192, stack(0x0000001fde600000,0x0000001fde700000) (1024K)]
  0x000001a8f7a10160 WorkerThread "GC Thread#7"                     [id=24900, stack(0x0000001fde800000,0x0000001fde900000) (1024K)]
  0x000001a8f786bf80 WorkerThread "GC Thread#8"                     [id=28420, stack(0x0000001fdec00000,0x0000001fded00000) (1024K)]
  0x000001a8f786b100 WorkerThread "GC Thread#9"                     [id=20832, stack(0x0000001fded00000,0x0000001fdee00000) (1024K)]
Total: 12

Threads with active compile tasks:
C2 CompilerThread0  6939 4881   !   4       org.eclipse.osgi.internal.loader.classpath.ClasspathManager::findClassImpl (343 bytes)
C2 CompilerThread1  6939 4989       4       java.lang.invoke.MethodType::makeImpl (109 bytes)
Total: 2

VM state: not at safepoint (normal execution)

VM Mutex/Monitor currently owned by a thread: None

Heap address: 0x0000000080000000, size: 2048 MB, Compressed Oops mode: 32-bit

CDS archive(s) mapped at: [0x000001a880000000-0x000001a880ba0000-0x000001a880ba0000), size 12189696, SharedBaseAddress: 0x000001a880000000, ArchiveRelocationMode: 1.
Compressed class space mapped at: 0x000001a881000000-0x000001a8c1000000, reserved size: 1073741824
Narrow klass base: 0x000001a880000000, Narrow klass shift: 0, Narrow klass range: 0x100000000

GC Precious Log:
 CardTable entry size: 512
 CPUs: 12 total, 12 available
 Memory: 7866M
 Large Page Support: Disabled
 NUMA Support: Disabled
 Compressed Oops: Enabled (32-bit)
 Alignments: Space 512K, Generation 512K, Heap 2M
 Heap Min Capacity: 100M
 Heap Initial Capacity: 100M
 Heap Max Capacity: 2G
 Pre-touch: Disabled
 Parallel Workers: 10

Heap:
 PSYoungGen      total 23552K, used 14840K [0x00000000d5580000, 0x00000000d6f00000, 0x0000000100000000)
  eden space 22016K, 62% used [0x00000000d5580000,0x00000000d62e61a8,0x00000000d6b00000)
  from space 1536K, 72% used [0x00000000d6c80000,0x00000000d6d98000,0x00000000d6e00000)
  to   space 1024K, 0% used [0x00000000d6e00000,0x00000000d6e00000,0x00000000d6f00000)
 ParOldGen       total 68608K, used 19291K [0x0000000080000000, 0x0000000084300000, 0x00000000d5580000)
  object space 68608K, 28% used [0x0000000080000000,0x00000000812d6e20,0x0000000084300000)
 Metaspace       used 40237K, committed 41344K, reserved 1114112K
  class space    used 4318K, committed 4736K, reserved 1048576K

Card table byte_map: [0x000001a8d9b50000,0x000001a8d9f60000] _byte_map_base: 0x000001a8d9750000

Marking Bits: (ParMarkBitMap*) 0x00007ff811f0a340
 Begin Bits: [0x000001a8ec650000, 0x000001a8ee650000)
 End Bits:   [0x000001a8ee650000, 0x000001a8f0650000)

Polling page: 0x000001a8d7d30000

Metaspace:

Usage:
  Non-class:     35.08 MB used.
      Class:      4.22 MB used.
       Both:     39.29 MB used.

Virtual space:
  Non-class space:       64.00 MB reserved,      35.75 MB ( 56%) committed,  1 nodes.
      Class space:        1.00 GB reserved,       4.62 MB ( <1%) committed,  1 nodes.
             Both:        1.06 GB reserved,      40.38 MB (  4%) committed. 

Chunk freelists:
   Non-Class:  12.29 MB
       Class:  11.27 MB
        Both:  23.56 MB

MaxMetaspaceSize: unlimited
CompressedClassSpaceSize: 1.00 GB
Initial GC threshold: 21.00 MB
Current GC threshold: 58.38 MB
CDS: on
 - commit_granule_bytes: 65536.
 - commit_granule_words: 8192.
 - virtual_space_node_default_size: 8388608.
 - enlarge_chunks_in_place: 1.
 - use_allocation_guard: 0.


Internal statistics:

num_allocs_failed_limit: 10.
num_arena_births: 738.
num_arena_deaths: 20.
num_vsnodes_births: 2.
num_vsnodes_deaths: 0.
num_space_committed: 646.
num_space_uncommitted: 0.
num_chunks_returned_to_freelist: 32.
num_chunks_taken_from_freelist: 2506.
num_chunk_merges: 9.
num_chunk_splits: 1552.
num_chunks_enlarged: 928.
num_inconsistent_stats: 0.

CodeHeap 'non-profiled nmethods': size=120000Kb used=2164Kb max_used=2164Kb free=117835Kb
 bounds [0x000001a8e4e70000, 0x000001a8e50e0000, 0x000001a8ec3a0000]
CodeHeap 'profiled nmethods': size=120000Kb used=9337Kb max_used=9588Kb free=110662Kb
 bounds [0x000001a8dd3a0000, 0x000001a8ddd00000, 0x000001a8e48d0000]
CodeHeap 'non-nmethods': size=5760Kb used=1362Kb max_used=1423Kb free=4397Kb
 bounds [0x000001a8e48d0000, 0x000001a8e4b40000, 0x000001a8e4e70000]
CodeCache: size=245760Kb, used=12863Kb, max_used=13175Kb, free=232894Kb
 total_blobs=5250, nmethods=4593, adapters=563, full_count=0
Compilation: enabled, stopped_count=0, restarted_count=0

Compilation events (20 events):
Event: 6.852 Thread 0x000001a8f2aeabd0 nmethod 5164 0x000001a8dd6c7a90 code [0x000001a8dd6c7c60, 0x000001a8dd6c7f08]
Event: 6.852 Thread 0x000001a8f2aeabd0 5165       3       com.google.common.base.Equivalence::hash (12 bytes)
Event: 6.852 Thread 0x000001a8f2aeabd0 nmethod 5165 0x000001a8dd6c7610 code [0x000001a8dd6c77c0, 0x000001a8dd6c79e8]
Event: 6.852 Thread 0x000001a8f2aeabd0 5166       3       com.google.common.cache.LocalCache::rehash (49 bytes)
Event: 6.852 Thread 0x000001a8f2aeabd0 nmethod 5166 0x000001a8dd6c7290 code [0x000001a8dd6c7420, 0x000001a8dd6c7550]
Event: 6.852 Thread 0x000001a8f2aeabd0 5167       3       com.google.common.cache.LocalCache::segmentFor (17 bytes)
Event: 6.852 Thread 0x000001a8f2aeabd0 nmethod 5167 0x000001a8dd6c6e90 code [0x000001a8dd6c7040, 0x000001a8dd6c7180]
Event: 6.852 Thread 0x000001a8f2aeabd0 5168   !   3       com.google.common.cache.LocalCache$Segment::get (210 bytes)
Event: 6.854 Thread 0x000001a8f2aeabd0 nmethod 5168 0x000001a8dd521c10 code [0x000001a8dd522020, 0x000001a8dd523930]
Event: 6.854 Thread 0x000001a8f2aeabd0 5169       3       java.lang.reflect.Constructor::getAnnotation (6 bytes)
Event: 6.854 Thread 0x000001a8f2aeabd0 nmethod 5169 0x000001a8dd6c6310 code [0x000001a8dd6c6540, 0x000001a8dd6c6c28]
Event: 6.854 Thread 0x000001a8f2aeabd0 5170       1       java.lang.reflect.Constructor::getAnnotationBytes (5 bytes)
Event: 6.854 Thread 0x000001a8f2aeabd0 nmethod 5170 0x000001a8e4f57e10 code [0x000001a8e4f57fa0, 0x000001a8e4f58068]
Event: 6.854 Thread 0x000001a8f2aeabd0 5171       3       com.google.common.cache.LocalCache::get (21 bytes)
Event: 6.855 Thread 0x000001a8f2aeabd0 nmethod 5171 0x000001a8dd6c5910 code [0x000001a8dd6c5b20, 0x000001a8dd6c6070]
Event: 6.855 Thread 0x000001a8f2aeabd0 5172       3       com.google.common.collect.Iterators::emptyListIterator (4 bytes)
Event: 6.856 Thread 0x000001a8f2aeabd0 nmethod 5172 0x000001a8dd511190 code [0x000001a8dd511320, 0x000001a8dd511418]
Event: 6.856 Thread 0x000001a8f2aeabd0 5173       3       com.google.inject.internal.MoreTypes::canonicalize (143 bytes)
Event: 6.857 Thread 0x000001a8f2aeabd0 nmethod 5173 0x000001a8dd686010 code [0x000001a8dd686360, 0x000001a8dd687c00]
Event: 6.895 Thread 0x000001a8f2aeabd0 5174   !   3       org.eclipse.core.internal.jobs.JobListeners::waitAndSendEvents (445 bytes)

GC Heap History (20 events):
Event: 3.945 GC heap before
{Heap before GC invocations=8 (full 1):
 PSYoungGen      total 29184K, used 4447K [0x00000000d5580000, 0x00000000d7780000, 0x0000000100000000)
  eden space 24576K, 0% used [0x00000000d5580000,0x00000000d5580000,0x00000000d6d80000)
  from space 4608K, 96% used [0x00000000d6e00000,0x00000000d7257f80,0x00000000d7280000)
  to   space 5120K, 0% used [0x00000000d7280000,0x00000000d7280000,0x00000000d7780000)
 ParOldGen       total 68608K, used 9464K [0x0000000080000000, 0x0000000084300000, 0x00000000d5580000)
  object space 68608K, 13% used [0x0000000080000000,0x000000008093e3b8,0x0000000084300000)
 Metaspace       used 20670K, committed 21504K, reserved 1114112K
  class space    used 2174K, committed 2560K, reserved 1048576K
}
Event: 3.981 GC heap after
{Heap after GC invocations=8 (full 1):
 PSYoungGen      total 29184K, used 0K [0x00000000d5580000, 0x00000000d7780000, 0x0000000100000000)
  eden space 24576K, 0% used [0x00000000d5580000,0x00000000d5580000,0x00000000d6d80000)
  from space 4608K, 0% used [0x00000000d6e00000,0x00000000d6e00000,0x00000000d7280000)
  to   space 5120K, 0% used [0x00000000d7280000,0x00000000d7280000,0x00000000d7780000)
 ParOldGen       total 68608K, used 12979K [0x0000000080000000, 0x0000000084300000, 0x00000000d5580000)
  object space 68608K, 18% used [0x0000000080000000,0x0000000080cace00,0x0000000084300000)
 Metaspace       used 20657K, committed 21504K, reserved 1114112K
  class space    used 2171K, committed 2560K, reserved 1048576K
}
Event: 4.216 GC heap before
{Heap before GC invocations=9 (full 1):
 PSYoungGen      total 29184K, used 24576K [0x00000000d5580000, 0x00000000d7780000, 0x0000000100000000)
  eden space 24576K, 100% used [0x00000000d5580000,0x00000000d6d80000,0x00000000d6d80000)
  from space 4608K, 0% used [0x00000000d6e00000,0x00000000d6e00000,0x00000000d7280000)
  to   space 5120K, 0% used [0x00000000d7280000,0x00000000d7280000,0x00000000d7780000)
 ParOldGen       total 68608K, used 12979K [0x0000000080000000, 0x0000000084300000, 0x00000000d5580000)
  object space 68608K, 18% used [0x0000000080000000,0x0000000080cace00,0x0000000084300000)
 Metaspace       used 23248K, committed 24128K, reserved 1114112K
  class space    used 2331K, committed 2688K, reserved 1048576K
}
Event: 4.218 GC heap after
{Heap after GC invocations=9 (full 1):
 PSYoungGen      total 25088K, used 833K [0x00000000d5580000, 0x00000000d7380000, 0x0000000100000000)
  eden space 24064K, 0% used [0x00000000d5580000,0x00000000d5580000,0x00000000d6d00000)
  from space 1024K, 81% used [0x00000000d7280000,0x00000000d7350550,0x00000000d7380000)
  to   space 2560K, 0% used [0x00000000d6e80000,0x00000000d6e80000,0x00000000d7100000)
 ParOldGen       total 68608K, used 12987K [0x0000000080000000, 0x0000000084300000, 0x00000000d5580000)
  object space 68608K, 18% used [0x0000000080000000,0x0000000080caee00,0x0000000084300000)
 Metaspace       used 23248K, committed 24128K, reserved 1114112K
  class space    used 2331K, committed 2688K, reserved 1048576K
}
Event: 4.503 GC heap before
{Heap before GC invocations=10 (full 1):
 PSYoungGen      total 25088K, used 24897K [0x00000000d5580000, 0x00000000d7380000, 0x0000000100000000)
  eden space 24064K, 100% used [0x00000000d5580000,0x00000000d6d00000,0x00000000d6d00000)
  from space 1024K, 81% used [0x00000000d7280000,0x00000000d7350550,0x00000000d7380000)
  to   space 2560K, 0% used [0x00000000d6e80000,0x00000000d6e80000,0x00000000d7100000)
 ParOldGen       total 68608K, used 12987K [0x0000000080000000, 0x0000000084300000, 0x00000000d5580000)
  object space 68608K, 18% used [0x0000000080000000,0x0000000080caee00,0x0000000084300000)
 Metaspace       used 26394K, committed 27264K, reserved 1114112K
  class space    used 2576K, committed 2944K, reserved 1048576K
}
Event: 4.506 GC heap after
{Heap after GC invocations=10 (full 1):
 PSYoungGen      total 26112K, used 2473K [0x00000000d5580000, 0x00000000d7300000, 0x0000000100000000)
  eden space 23552K, 0% used [0x00000000d5580000,0x00000000d5580000,0x00000000d6c80000)
  from space 2560K, 96% used [0x00000000d6e80000,0x00000000d70ea4e0,0x00000000d7100000)
  to   space 2048K, 0% used [0x00000000d7100000,0x00000000d7100000,0x00000000d7300000)
 ParOldGen       total 68608K, used 12987K [0x0000000080000000, 0x0000000084300000, 0x00000000d5580000)
  object space 68608K, 18% used [0x0000000080000000,0x0000000080caee00,0x0000000084300000)
 Metaspace       used 26394K, committed 27264K, reserved 1114112K
  class space    used 2576K, committed 2944K, reserved 1048576K
}
Event: 4.987 GC heap before
{Heap before GC invocations=11 (full 1):
 PSYoungGen      total 26112K, used 26025K [0x00000000d5580000, 0x00000000d7300000, 0x0000000100000000)
  eden space 23552K, 100% used [0x00000000d5580000,0x00000000d6c80000,0x00000000d6c80000)
  from space 2560K, 96% used [0x00000000d6e80000,0x00000000d70ea4e0,0x00000000d7100000)
  to   space 2048K, 0% used [0x00000000d7100000,0x00000000d7100000,0x00000000d7300000)
 ParOldGen       total 68608K, used 12987K [0x0000000080000000, 0x0000000084300000, 0x00000000d5580000)
  object space 68608K, 18% used [0x0000000080000000,0x0000000080caee00,0x0000000084300000)
 Metaspace       used 28771K, committed 29632K, reserved 1114112K
  class space    used 2783K, committed 3136K, reserved 1048576K
}
Event: 4.991 GC heap after
{Heap after GC invocations=11 (full 1):
 PSYoungGen      total 25088K, used 2025K [0x00000000d5580000, 0x00000000d7400000, 0x0000000100000000)
  eden space 23040K, 0% used [0x00000000d5580000,0x00000000d5580000,0x00000000d6c00000)
  from space 2048K, 98% used [0x00000000d7100000,0x00000000d72fa638,0x00000000d7300000)
  to   space 4096K, 0% used [0x00000000d6c00000,0x00000000d6c00000,0x00000000d7000000)
 ParOldGen       total 68608K, used 14430K [0x0000000080000000, 0x0000000084300000, 0x00000000d5580000)
  object space 68608K, 21% used [0x0000000080000000,0x0000000080e17820,0x0000000084300000)
 Metaspace       used 28771K, committed 29632K, reserved 1114112K
  class space    used 2783K, committed 3136K, reserved 1048576K
}
Event: 5.386 GC heap before
{Heap before GC invocations=12 (full 1):
 PSYoungGen      total 25088K, used 25065K [0x00000000d5580000, 0x00000000d7400000, 0x0000000100000000)
  eden space 23040K, 100% used [0x00000000d5580000,0x00000000d6c00000,0x00000000d6c00000)
  from space 2048K, 98% used [0x00000000d7100000,0x00000000d72fa638,0x00000000d7300000)
  to   space 4096K, 0% used [0x00000000d6c00000,0x00000000d6c00000,0x00000000d7000000)
 ParOldGen       total 68608K, used 14430K [0x0000000080000000, 0x0000000084300000, 0x00000000d5580000)
  object space 68608K, 21% used [0x0000000080000000,0x0000000080e17820,0x0000000084300000)
 Metaspace       used 31827K, committed 32768K, reserved 1114112K
  class space    used 3207K, committed 3584K, reserved 1048576K
}
Event: 5.390 GC heap after
{Heap after GC invocations=12 (full 1):
 PSYoungGen      total 24064K, used 1501K [0x00000000d5580000, 0x00000000d7180000, 0x0000000100000000)
  eden space 22528K, 0% used [0x00000000d5580000,0x00000000d5580000,0x00000000d6b80000)
  from space 1536K, 97% used [0x00000000d6c00000,0x00000000d6d77798,0x00000000d6d80000)
  to   space 2560K, 0% used [0x00000000d6f00000,0x00000000d6f00000,0x00000000d7180000)
 ParOldGen       total 68608K, used 16353K [0x0000000080000000, 0x0000000084300000, 0x00000000d5580000)
  object space 68608K, 23% used [0x0000000080000000,0x0000000080ff8778,0x0000000084300000)
 Metaspace       used 31827K, committed 32768K, reserved 1114112K
  class space    used 3207K, committed 3584K, reserved 1048576K
}
Event: 5.642 GC heap before
{Heap before GC invocations=13 (full 1):
 PSYoungGen      total 24064K, used 24029K [0x00000000d5580000, 0x00000000d7180000, 0x0000000100000000)
  eden space 22528K, 100% used [0x00000000d5580000,0x00000000d6b80000,0x00000000d6b80000)
  from space 1536K, 97% used [0x00000000d6c00000,0x00000000d6d77798,0x00000000d6d80000)
  to   space 2560K, 0% used [0x00000000d6f00000,0x00000000d6f00000,0x00000000d7180000)
 ParOldGen       total 68608K, used 16353K [0x0000000080000000, 0x0000000084300000, 0x00000000d5580000)
  object space 68608K, 23% used [0x0000000080000000,0x0000000080ff8778,0x0000000084300000)
 Metaspace       used 34557K, committed 35584K, reserved 1114112K
  class space    used 3569K, committed 3968K, reserved 1048576K
}
Event: 5.647 GC heap after
{Heap after GC invocations=13 (full 1):
 PSYoungGen      total 24064K, used 1728K [0x00000000d5580000, 0x00000000d7100000, 0x0000000100000000)
  eden space 22016K, 0% used [0x00000000d5580000,0x00000000d5580000,0x00000000d6b00000)
  from space 2048K, 84% used [0x00000000d6f00000,0x00000000d70b0020,0x00000000d7100000)
  to   space 2048K, 0% used [0x00000000d6d00000,0x00000000d6d00000,0x00000000d6f00000)
 ParOldGen       total 68608K, used 17532K [0x0000000080000000, 0x0000000084300000, 0x00000000d5580000)
  object space 68608K, 25% used [0x0000000080000000,0x000000008111f3f8,0x0000000084300000)
 Metaspace       used 34557K, committed 35584K, reserved 1114112K
  class space    used 3569K, committed 3968K, reserved 1048576K
}
Event: 5.727 GC heap before
{Heap before GC invocations=14 (full 1):
 PSYoungGen      total 24064K, used 5102K [0x00000000d5580000, 0x00000000d7100000, 0x0000000100000000)
  eden space 22016K, 15% used [0x00000000d5580000,0x00000000d58cbb90,0x00000000d6b00000)
  from space 2048K, 84% used [0x00000000d6f00000,0x00000000d70b0020,0x00000000d7100000)
  to   space 2048K, 0% used [0x00000000d6d00000,0x00000000d6d00000,0x00000000d6f00000)
 ParOldGen       total 68608K, used 17532K [0x0000000080000000, 0x0000000084300000, 0x00000000d5580000)
  object space 68608K, 25% used [0x0000000080000000,0x000000008111f3f8,0x0000000084300000)
 Metaspace       used 34832K, committed 35840K, reserved 1114112K
  class space    used 3605K, committed 4032K, reserved 1048576K
}
Event: 5.730 GC heap after
{Heap after GC invocations=14 (full 1):
 PSYoungGen      total 22528K, used 288K [0x00000000d5580000, 0x00000000d6f80000, 0x0000000100000000)
  eden space 22016K, 0% used [0x00000000d5580000,0x00000000d5580000,0x00000000d6b00000)
  from space 512K, 56% used [0x00000000d6d00000,0x00000000d6d48000,0x00000000d6d80000)
  to   space 1024K, 0% used [0x00000000d6e80000,0x00000000d6e80000,0x00000000d6f80000)
 ParOldGen       total 68608K, used 19072K [0x0000000080000000, 0x0000000084300000, 0x00000000d5580000)
  object space 68608K, 27% used [0x0000000080000000,0x00000000812a0258,0x0000000084300000)
 Metaspace       used 34832K, committed 35840K, reserved 1114112K
  class space    used 3605K, committed 4032K, reserved 1048576K
}
Event: 5.730 GC heap before
{Heap before GC invocations=15 (full 2):
 PSYoungGen      total 22528K, used 288K [0x00000000d5580000, 0x00000000d6f80000, 0x0000000100000000)
  eden space 22016K, 0% used [0x00000000d5580000,0x00000000d5580000,0x00000000d6b00000)
  from space 512K, 56% used [0x00000000d6d00000,0x00000000d6d48000,0x00000000d6d80000)
  to   space 1024K, 0% used [0x00000000d6e80000,0x00000000d6e80000,0x00000000d6f80000)
 ParOldGen       total 68608K, used 19072K [0x0000000080000000, 0x0000000084300000, 0x00000000d5580000)
  object space 68608K, 27% used [0x0000000080000000,0x00000000812a0258,0x0000000084300000)
 Metaspace       used 34832K, committed 35840K, reserved 1114112K
  class space    used 3605K, committed 4032K, reserved 1048576K
}
Event: 5.770 GC heap after
{Heap after GC invocations=15 (full 2):
 PSYoungGen      total 22528K, used 0K [0x00000000d5580000, 0x00000000d6f80000, 0x0000000100000000)
  eden space 22016K, 0% used [0x00000000d5580000,0x00000000d5580000,0x00000000d6b00000)
  from space 512K, 0% used [0x00000000d6d00000,0x00000000d6d00000,0x00000000d6d80000)
  to   space 1024K, 0% used [0x00000000d6e80000,0x00000000d6e80000,0x00000000d6f80000)
 ParOldGen       total 68608K, used 18563K [0x0000000080000000, 0x0000000084300000, 0x00000000d5580000)
  object space 68608K, 27% used [0x0000000080000000,0x0000000081220e20,0x0000000084300000)
 Metaspace       used 34827K, committed 35840K, reserved 1114112K
  class space    used 3604K, committed 4032K, reserved 1048576K
}
Event: 6.054 GC heap before
{Heap before GC invocations=16 (full 2):
 PSYoungGen      total 22528K, used 22016K [0x00000000d5580000, 0x00000000d6f80000, 0x0000000100000000)
  eden space 22016K, 100% used [0x00000000d5580000,0x00000000d6b00000,0x00000000d6b00000)
  from space 512K, 0% used [0x00000000d6d00000,0x00000000d6d00000,0x00000000d6d80000)
  to   space 1024K, 0% used [0x00000000d6e80000,0x00000000d6e80000,0x00000000d6f80000)
 ParOldGen       total 68608K, used 18563K [0x0000000080000000, 0x0000000084300000, 0x00000000d5580000)
  object space 68608K, 27% used [0x0000000080000000,0x0000000081220e20,0x0000000084300000)
 Metaspace       used 36484K, committed 37568K, reserved 1114112K
  class space    used 3839K, committed 4288K, reserved 1048576K
}
Event: 6.055 GC heap after
{Heap after GC invocations=16 (full 2):
 PSYoungGen      total 23040K, used 960K [0x00000000d5580000, 0x00000000d6f80000, 0x0000000100000000)
  eden space 22016K, 0% used [0x00000000d5580000,0x00000000d5580000,0x00000000d6b00000)
  from space 1024K, 93% used [0x00000000d6e80000,0x00000000d6f70000,0x00000000d6f80000)
  to   space 1536K, 0% used [0x00000000d6c80000,0x00000000d6c80000,0x00000000d6e00000)
 ParOldGen       total 68608K, used 18571K [0x0000000080000000, 0x0000000084300000, 0x00000000d5580000)
  object space 68608K, 27% used [0x0000000080000000,0x0000000081222e20,0x0000000084300000)
 Metaspace       used 36484K, committed 37568K, reserved 1114112K
  class space    used 3839K, committed 4288K, reserved 1048576K
}
Event: 6.415 GC heap before
{Heap before GC invocations=17 (full 2):
 PSYoungGen      total 23040K, used 22976K [0x00000000d5580000, 0x00000000d6f80000, 0x0000000100000000)
  eden space 22016K, 100% used [0x00000000d5580000,0x00000000d6b00000,0x00000000d6b00000)
  from space 1024K, 93% used [0x00000000d6e80000,0x00000000d6f70000,0x00000000d6f80000)
  to   space 1536K, 0% used [0x00000000d6c80000,0x00000000d6c80000,0x00000000d6e00000)
 ParOldGen       total 68608K, used 18571K [0x0000000080000000, 0x0000000084300000, 0x00000000d5580000)
  object space 68608K, 27% used [0x0000000080000000,0x0000000081222e20,0x0000000084300000)
 Metaspace       used 38653K, committed 39744K, reserved 1114112K
  class space    used 4113K, committed 4544K, reserved 1048576K
}
Event: 6.418 GC heap after
{Heap after GC invocations=17 (full 2):
 PSYoungGen      total 23552K, used 1120K [0x00000000d5580000, 0x00000000d6f00000, 0x0000000100000000)
  eden space 22016K, 0% used [0x00000000d5580000,0x00000000d5580000,0x00000000d6b00000)
  from space 1536K, 72% used [0x00000000d6c80000,0x00000000d6d98000,0x00000000d6e00000)
  to   space 1024K, 0% used [0x00000000d6e00000,0x00000000d6e00000,0x00000000d6f00000)
 ParOldGen       total 68608K, used 19291K [0x0000000080000000, 0x0000000084300000, 0x00000000d5580000)
  object space 68608K, 28% used [0x0000000080000000,0x00000000812d6e20,0x0000000084300000)
 Metaspace       used 38653K, committed 39744K, reserved 1114112K
  class space    used 4113K, committed 4544K, reserved 1048576K
}

Dll operation events (10 events):
Event: 0.025 Loaded shared library c:\Users\shekh\.windsurf\extensions\redhat.java-1.44.0-win32-x64\jre\21.0.8-win32-x86_64\bin\java.dll
Event: 0.179 Loaded shared library c:\Users\shekh\.windsurf\extensions\redhat.java-1.44.0-win32-x64\jre\21.0.8-win32-x86_64\bin\zip.dll
Event: 0.209 Loaded shared library C:\Users\shekh\.windsurf\extensions\redhat.java-1.44.0-win32-x64\jre\21.0.8-win32-x86_64\bin\instrument.dll
Event: 0.215 Loaded shared library C:\Users\shekh\.windsurf\extensions\redhat.java-1.44.0-win32-x64\jre\21.0.8-win32-x86_64\bin\net.dll
Event: 0.219 Loaded shared library C:\Users\shekh\.windsurf\extensions\redhat.java-1.44.0-win32-x64\jre\21.0.8-win32-x86_64\bin\nio.dll
Event: 0.223 Loaded shared library C:\Users\shekh\.windsurf\extensions\redhat.java-1.44.0-win32-x64\jre\21.0.8-win32-x86_64\bin\zip.dll
Event: 0.255 Loaded shared library C:\Users\shekh\.windsurf\extensions\redhat.java-1.44.0-win32-x64\jre\21.0.8-win32-x86_64\bin\jimage.dll
Event: 0.370 Loaded shared library c:\Users\shekh\.windsurf\extensions\redhat.java-1.44.0-win32-x64\jre\21.0.8-win32-x86_64\bin\verify.dll
Event: 1.623 Loaded shared library C:\Users\shekh\AppData\Roaming\Windsurf\User\globalStorage\redhat.java\1.44.0\config_win\org.eclipse.equinox.launcher\org.eclipse.equinox.launcher.win32.win32.x86_64_1.2.1400.v20250730-1736\eclipse_11913.dll
Event: 3.250 Loaded shared library C:\Users\shekh\AppData\Local\Temp\jna-109403661\jna5746150306141937803.dll

Deoptimization events (20 events):
Event: 6.095 Thread 0x000001a8d7d89950 Uncommon trap: trap_request=0xffffff45 fr.pc=0x000001a8e4f85a24 relative=0x00000000000000e4
Event: 6.095 Thread 0x000001a8d7d89950 Uncommon trap: reason=unstable_if action=reinterpret pc=0x000001a8e4f85a24 method=java.lang.CharacterDataLatin1.digit(II)I @ 7 c2
Event: 6.095 Thread 0x000001a8d7d89950 DEOPT PACKING pc=0x000001a8e4f85a24 sp=0x0000001fdd1fe0b0
Event: 6.095 Thread 0x000001a8d7d89950 DEOPT UNPACKING pc=0x000001a8e4923aa2 sp=0x0000001fdd1fdf70 mode 2
Event: 6.095 Thread 0x000001a8d7d89950 Uncommon trap: trap_request=0xffffff45 fr.pc=0x000001a8e4eae548 relative=0x00000000000000a8
Event: 6.095 Thread 0x000001a8d7d89950 Uncommon trap: reason=unstable_if action=reinterpret pc=0x000001a8e4eae548 method=java.lang.CharacterDataLatin1.digit(II)I @ 7 c2
Event: 6.095 Thread 0x000001a8d7d89950 DEOPT PACKING pc=0x000001a8e4eae548 sp=0x0000001fdd1fe010
Event: 6.095 Thread 0x000001a8d7d89950 DEOPT UNPACKING pc=0x000001a8e4923aa2 sp=0x0000001fdd1fdf90 mode 2
Event: 6.105 Thread 0x000001a8d7d89950 Uncommon trap: trap_request=0xffffff45 fr.pc=0x000001a8e500e6dc relative=0x000000000000071c
Event: 6.105 Thread 0x000001a8d7d89950 Uncommon trap: reason=unstable_if action=reinterpret pc=0x000001a8e500e6dc method=java.util.regex.Pattern$BmpCharPropertyGreedy.match(Ljava/util/regex/Matcher;ILjava/lang/CharSequence;)Z @ 12 c2
Event: 6.105 Thread 0x000001a8d7d89950 DEOPT PACKING pc=0x000001a8e500e6dc sp=0x0000001fdd1fda10
Event: 6.106 Thread 0x000001a8d7d89950 DEOPT UNPACKING pc=0x000001a8e4923aa2 sp=0x0000001fdd1fd8d8 mode 2
Event: 6.124 Thread 0x000001a8fb4a6970 Uncommon trap: trap_request=0xffffff45 fr.pc=0x000001a8e5083fb8 relative=0x0000000000000878
Event: 6.124 Thread 0x000001a8fb4a6970 Uncommon trap: reason=unstable_if action=reinterpret pc=0x000001a8e5083fb8 method=com.google.gson.stream.JsonReader.nextQuotedValue(C)Ljava/lang/String; @ 120 c2
Event: 6.124 Thread 0x000001a8fb4a6970 DEOPT PACKING pc=0x000001a8e5083fb8 sp=0x0000001fe0afe4a0
Event: 6.124 Thread 0x000001a8fb4a6970 DEOPT UNPACKING pc=0x000001a8e4923aa2 sp=0x0000001fe0afe438 mode 2
Event: 6.236 Thread 0x000001a8fb4a6970 Uncommon trap: trap_request=0xffffff45 fr.pc=0x000001a8e5095ed4 relative=0x0000000000001a74
Event: 6.236 Thread 0x000001a8fb4a6970 Uncommon trap: reason=unstable_if action=reinterpret pc=0x000001a8e5095ed4 method=sun.nio.cs.StreamDecoder.implRead([CII)I @ 36 c2
Event: 6.236 Thread 0x000001a8fb4a6970 DEOPT PACKING pc=0x000001a8e5095ed4 sp=0x0000001fe0afe300
Event: 6.236 Thread 0x000001a8fb4a6970 DEOPT UNPACKING pc=0x000001a8e4923aa2 sp=0x0000001fe0afe150 mode 2

Classes loaded (20 events):
Event: 6.139 Loading class sun/reflect/generics/repository/FieldRepository
Event: 6.140 Loading class sun/reflect/generics/repository/FieldRepository done
Event: 6.145 Loading class java/io/PrintWriter$1
Event: 6.145 Loading class jdk/internal/access/JavaIOPrintWriterAccess
Event: 6.145 Loading class jdk/internal/access/JavaIOPrintWriterAccess done
Event: 6.145 Loading class java/io/PrintWriter$1 done
Event: 6.148 Loading class java/time/format/DateTimeParseContext
Event: 6.148 Loading class java/time/format/DateTimeParseContext done
Event: 6.148 Loading class java/time/format/Parsed
Event: 6.149 Loading class java/time/format/Parsed done
Event: 6.293 Loading class sun/reflect/annotation/AnnotatedTypeFactory$AnnotatedParameterizedTypeImpl
Event: 6.293 Loading class java/lang/reflect/AnnotatedParameterizedType
Event: 6.293 Loading class java/lang/reflect/AnnotatedParameterizedType done
Event: 6.293 Loading class sun/reflect/annotation/AnnotatedTypeFactory$AnnotatedParameterizedTypeImpl done
Event: 6.435 Loading class sun/reflect/generics/scope/ConstructorScope
Event: 6.435 Loading class sun/reflect/generics/scope/ConstructorScope done
Event: 6.435 Loading class sun/reflect/generics/tree/VoidDescriptor
Event: 6.435 Loading class sun/reflect/generics/tree/VoidDescriptor done
Event: 6.859 Loading class java/util/concurrent/CompletionService
Event: 6.859 Loading class java/util/concurrent/CompletionService done

Classes unloaded (10 events):
Event: 3.951 Thread 0x000001a8da143570 Unloading class 0x000001a8811ac800 'java/lang/invoke/LambdaForm$MH+0x000001a8811ac800'
Event: 3.951 Thread 0x000001a8da143570 Unloading class 0x000001a8811ac400 'java/lang/invoke/LambdaForm$MH+0x000001a8811ac400'
Event: 3.951 Thread 0x000001a8da143570 Unloading class 0x000001a8811ac000 'java/lang/invoke/LambdaForm$MH+0x000001a8811ac000'
Event: 3.951 Thread 0x000001a8da143570 Unloading class 0x000001a8811abc00 'java/lang/invoke/LambdaForm$MH+0x000001a8811abc00'
Event: 3.951 Thread 0x000001a8da143570 Unloading class 0x000001a8811ab800 'java/lang/invoke/LambdaForm$BMH+0x000001a8811ab800'
Event: 3.951 Thread 0x000001a8da143570 Unloading class 0x000001a8811ab400 'java/lang/invoke/LambdaForm$DMH+0x000001a8811ab400'
Event: 3.951 Thread 0x000001a8da143570 Unloading class 0x000001a8811aa000 'java/lang/invoke/LambdaForm$DMH+0x000001a8811aa000'
Event: 5.735 Thread 0x000001a8da143570 Unloading class 0x000001a88130bc00 'java/lang/invoke/LambdaForm$MH+0x000001a88130bc00'
Event: 5.735 Thread 0x000001a8da143570 Unloading class 0x000001a88130b000 'java/lang/invoke/LambdaForm$DMH+0x000001a88130b000'
Event: 5.735 Thread 0x000001a8da143570 Unloading class 0x000001a88130a400 'java/lang/invoke/LambdaForm$MH+0x000001a88130a400'

Classes redefined (0 events):
No events

Internal exceptions (20 events):
Event: 5.020 Thread 0x000001a8f7978270 Exception <a 'java/lang/NoSuchMethodError'{0x00000000d5720f70}: 'int java.lang.invoke.Invokers$Holder.linkToTargetMethod(java.lang.Object, java.lang.Object)'> (0x00000000d5720f70) 
thrown [s\src\hotspot\share\interpreter\linkResolver.cpp, line 773]
Event: 5.025 Thread 0x000001a8f797a340 Exception <a 'java/lang/NoSuchMethodError'{0x00000000d5746258}: 'int java.lang.invoke.DirectMethodHandle$Holder.invokeSpecial(java.lang.Object, java.lang.Object, java.lang.Object, java.lang.Object)'> (0x00000000d5746258) 
thrown [s\src\hotspot\share\interpreter\linkResolver.cpp, line 773]
Event: 5.028 Thread 0x000001a8f797a340 Exception <a 'java/lang/NoSuchMethodError'{0x00000000d5763a98}: 'java.lang.Object java.lang.invoke.DirectMethodHandle$Holder.invokeStatic(java.lang.Object, int, java.lang.Object, java.lang.Object)'> (0x00000000d5763a98) 
thrown [s\src\hotspot\share\interpreter\linkResolver.cpp, line 773]
Event: 5.029 Thread 0x000001a8f797a340 Exception <a 'java/lang/NoSuchMethodError'{0x00000000d576f2c0}: 'java.lang.Object java.lang.invoke.DelegatingMethodHandle$Holder.delegate(java.lang.Object, int, java.lang.Object, java.lang.Object)'> (0x00000000d576f2c0) 
thrown [s\src\hotspot\share\interpreter\linkResolver.cpp, line 773]
Event: 5.038 Thread 0x000001a8f797a340 Exception <a 'java/lang/NoSuchMethodError'{0x00000000d57835c0}: 'int java.lang.invoke.Invokers$Holder.linkToTargetMethod(java.lang.Object, java.lang.Object, java.lang.Object)'> (0x00000000d57835c0) 
thrown [s\src\hotspot\share\interpreter\linkResolver.cpp, line 773]
Event: 5.081 Thread 0x000001a8f7978270 Exception <a 'java/lang/NoSuchMethodError'{0x00000000d5a190e8}: 'java.lang.Object java.lang.invoke.DirectMethodHandle$Holder.invokeSpecialIFC(java.lang.Object, java.lang.Object, java.lang.Object, java.lang.Object)'> (0x00000000d5a190e8) 
thrown [s\src\hotspot\share\interpreter\linkResolver.cpp, line 773]
Event: 5.180 Thread 0x000001a8f75768d0 Exception <a 'java/io/FileNotFoundException'{0x00000000d5e51188}> (0x00000000d5e51188) 
thrown [s\src\hotspot\share\prims\jni.cpp, line 520]
Event: 5.210 Thread 0x000001a8f75768d0 Exception <a 'java/lang/UnsatisfiedLinkError'{0x00000000d61a1e68}: The specified procedure could not be found.
> (0x00000000d61a1e68) 
thrown [s\src\hotspot\share\prims\jni.cpp, line 539]
Event: 5.221 Thread 0x000001a8f75768d0 Exception <a 'java/io/FileNotFoundException'{0x00000000d61b9af8}> (0x00000000d61b9af8) 
thrown [s\src\hotspot\share\prims\jni.cpp, line 520]
Event: 5.253 Thread 0x000001a8f75768d0 Exception <a 'java/io/FileNotFoundException'{0x00000000d6361540}> (0x00000000d6361540) 
thrown [s\src\hotspot\share\prims\jni.cpp, line 520]
Event: 5.269 Thread 0x000001a8f75768d0 Exception <a 'java/lang/UnsatisfiedLinkError'{0x00000000d641a610}: The specified procedure could not be found.
> (0x00000000d641a610) 
thrown [s\src\hotspot\share\prims\jni.cpp, line 539]
Event: 5.383 Thread 0x000001a8f797a9d0 Exception <a 'java/lang/NoSuchMethodError'{0x00000000d6b78958}: 'void java.lang.invoke.DirectMethodHandle$Holder.invokeStaticInit(java.lang.Object, java.lang.Object, java.lang.Object, java.lang.Object)'> (0x00000000d6b78958) 
thrown [s\src\hotspot\share\interpreter\linkResolver.cpp, line 773]
Event: 5.510 Thread 0x000001a8f797b060 Exception <a 'java/io/FileNotFoundException'{0x00000000d63a6fa8}> (0x00000000d63a6fa8) 
thrown [s\src\hotspot\share\prims\jni.cpp, line 520]
Event: 5.532 Thread 0x000001a8d7d89950 Exception <a 'java/lang/NoSuchMethodError'{0x00000000d6660c48}: 'java.lang.Object java.lang.invoke.DirectMethodHandle$Holder.invokeStatic(java.lang.Object, long, java.lang.Object)'> (0x00000000d6660c48) 
thrown [s\src\hotspot\share\interpreter\linkResolver.cpp, line 773]
Event: 5.536 Thread 0x000001a8d7d89950 Exception <a 'java/lang/NoSuchMethodError'{0x00000000d6673298}: 'java.lang.Object java.lang.invoke.DirectMethodHandle$Holder.invokeStaticInit(java.lang.Object, long, java.lang.Object)'> (0x00000000d6673298) 
thrown [s\src\hotspot\share\interpreter\linkResolver.cpp, line 773]
Event: 5.540 Thread 0x000001a8d7d89950 Exception <a 'java/lang/NoSuchMethodError'{0x00000000d66b0048}: 'java.lang.Object java.lang.invoke.DirectMethodHandle$Holder.newInvokeSpecial(java.lang.Object, long)'> (0x00000000d66b0048) 
thrown [s\src\hotspot\share\interpreter\linkResolver.cpp, line 773]
Event: 5.692 Thread 0x000001a8f7978270 Exception <a 'java/lang/NoClassDefFoundError'{0x00000000d5638680}: javax/enterprise/inject/Typed> (0x00000000d5638680) 
thrown [s\src\hotspot\share\classfile\systemDictionary.cpp, line 301]
Event: 6.042 Thread 0x000001a8d7d89950 Exception <a 'java/lang/NoSuchMethodError'{0x00000000d6a7ba18}: 'void java.lang.invoke.DirectMethodHandle$Holder.invokeSpecial(java.lang.Object, java.lang.Object, java.lang.Object, java.lang.Object, java.lang.Object, java.lang.Object)'> (0x00000000d6a7ba18) 
thrown [s\src\hotspot\share\interpreter\linkResolver.cpp, line 773]
Event: 6.048 Thread 0x000001a8d7d89950 Exception <a 'java/lang/IncompatibleClassChangeError'{0x00000000d6a83a80}: Found class java.lang.Object, but interface was expected> (0x00000000d6a83a80) 
thrown [s\src\hotspot\share\interpreter\linkResolver.cpp, line 840]
Event: 6.049 Thread 0x000001a8d7d89950 Exception <a 'java/lang/IncompatibleClassChangeError'{0x00000000d6a85908}: Found class java.lang.Object, but interface was expected> (0x00000000d6a85908) 
thrown [s\src\hotspot\share\interpreter\linkResolver.cpp, line 840]

ZGC Phase Switch (0 events):
No events

VM Operations (20 events):
Event: 5.056 Executing VM operation: HandshakeAllThreads (Deoptimize)
Event: 5.056 Executing VM operation: HandshakeAllThreads (Deoptimize) done
Event: 5.386 Executing VM operation: ParallelGCFailedAllocation (Allocation Failure)
Event: 5.390 Executing VM operation: ParallelGCFailedAllocation (Allocation Failure) done
Event: 5.642 Executing VM operation: ParallelGCFailedAllocation (Allocation Failure)
Event: 5.647 Executing VM operation: ParallelGCFailedAllocation (Allocation Failure) done
Event: 5.664 Executing VM operation: HandshakeAllThreads (Deoptimize)
Event: 5.664 Executing VM operation: HandshakeAllThreads (Deoptimize) done
Event: 5.726 Executing VM operation: CollectForMetadataAllocation (Metadata GC Threshold)
Event: 5.770 Executing VM operation: CollectForMetadataAllocation (Metadata GC Threshold) done
Event: 5.771 Executing VM operation: CollectForMetadataAllocation (Metadata GC Threshold)
Event: 5.772 Executing VM operation: CollectForMetadataAllocation (Metadata GC Threshold) done
Event: 6.054 Executing VM operation: ParallelGCFailedAllocation (Allocation Failure)
Event: 6.055 Executing VM operation: ParallelGCFailedAllocation (Allocation Failure) done
Event: 6.356 Executing VM operation: HandshakeAllThreads (Deoptimize)
Event: 6.356 Executing VM operation: HandshakeAllThreads (Deoptimize) done
Event: 6.415 Executing VM operation: ParallelGCFailedAllocation (Allocation Failure)
Event: 6.418 Executing VM operation: ParallelGCFailedAllocation (Allocation Failure) done
Event: 6.459 Executing VM operation: HandshakeAllThreads (Deoptimize)
Event: 6.459 Executing VM operation: HandshakeAllThreads (Deoptimize) done

Memory protections (0 events):
No events

Nmethod flushes (20 events):
Event: 5.747 Thread 0x000001a8da143570 flushing  nmethod 0x000001a8dda31a90
Event: 5.747 Thread 0x000001a8da143570 flushing  nmethod 0x000001a8dda31f90
Event: 5.747 Thread 0x000001a8da143570 flushing  nmethod 0x000001a8dda32490
Event: 5.747 Thread 0x000001a8da143570 flushing  nmethod 0x000001a8dda32d90
Event: 5.747 Thread 0x000001a8da143570 flushing  nmethod 0x000001a8dda34690
Event: 5.747 Thread 0x000001a8da143570 flushing  nmethod 0x000001a8dda36110
Event: 5.747 Thread 0x000001a8da143570 flushing  nmethod 0x000001a8dda3fc90
Event: 5.747 Thread 0x000001a8da143570 flushing  nmethod 0x000001a8dda40190
Event: 5.747 Thread 0x000001a8da143570 flushing  nmethod 0x000001a8dda40890
Event: 5.747 Thread 0x000001a8da143570 flushing  nmethod 0x000001a8dda5ba90
Event: 5.747 Thread 0x000001a8da143570 flushing  nmethod 0x000001a8dda62910
Event: 5.747 Thread 0x000001a8da143570 flushing  nmethod 0x000001a8dda6bc10
Event: 5.747 Thread 0x000001a8da143570 flushing  nmethod 0x000001a8dda77e90
Event: 5.747 Thread 0x000001a8da143570 flushing  nmethod 0x000001a8dda83590
Event: 5.747 Thread 0x000001a8da143570 flushing  nmethod 0x000001a8dda88a10
Event: 5.747 Thread 0x000001a8da143570 flushing  nmethod 0x000001a8ddac9410
Event: 5.747 Thread 0x000001a8da143570 flushing  nmethod 0x000001a8ddacb210
Event: 5.747 Thread 0x000001a8da143570 flushing  nmethod 0x000001a8ddaf8790
Event: 5.747 Thread 0x000001a8da143570 flushing  nmethod 0x000001a8ddb09910
Event: 5.747 Thread 0x000001a8da143570 flushing  nmethod 0x000001a8ddb2c290

Events (20 events):
Event: 4.974 Thread 0x000001a8f797a340 Thread added: 0x000001a8f797a9d0
Event: 5.090 Thread 0x000001a8f797a9d0 Thread added: 0x000001a8f797b060
Event: 5.349 Thread 0x000001a8f797a9d0 Thread added: 0x000001a8f7977be0
Event: 5.459 Thread 0x000001a8f7977be0 Thread added: 0x000001a8f7978f90
Event: 5.599 Thread 0x000001a8d7d89950 Thread added: 0x000001a8fb4a48a0
Event: 5.600 Thread 0x000001a8d7d89950 Thread added: 0x000001a8fb4a4210
Event: 5.600 Thread 0x000001a8d7d89950 Thread added: 0x000001a8fb4a7000
Event: 5.600 Thread 0x000001a8d7d89950 Thread added: 0x000001a8fb4a62e0
Event: 5.600 Thread 0x000001a8d7d89950 Thread added: 0x000001a8fb4a3b80
Event: 5.600 Thread 0x000001a8d7d89950 Thread added: 0x000001a8fb4a7690
Event: 5.600 Thread 0x000001a8d7d89950 Thread added: 0x000001a8fb4a4f30
Event: 5.600 Thread 0x000001a8d7d89950 Thread added: 0x000001a8fb4a83b0
Event: 5.600 Thread 0x000001a8d7d89950 Thread added: 0x000001a8fb4a5c50
Event: 5.600 Thread 0x000001a8d7d89950 Thread added: 0x000001a8fb4a8a40
Event: 5.601 Thread 0x000001a8d7d89950 Thread added: 0x000001a8fb4a55c0
Event: 5.601 Thread 0x000001a8d7d89950 Thread added: 0x000001a8fb4a90d0
Event: 5.601 Thread 0x000001a8d7d89950 Thread added: 0x000001a8fb4a9760
Event: 5.693 Thread 0x000001a8d7d89950 Thread added: 0x000001a8fb4a9df0
Event: 6.088 Thread 0x000001a8d7d89950 Thread added: 0x000001a8fb4a7d20
Event: 6.089 Thread 0x000001a8d7d89950 Thread added: 0x000001a8fb4a6970


Dynamic libraries:
0x00007ff6b1400000 - 0x00007ff6b140e000 	c:\Users\shekh\.windsurf\extensions\redhat.java-1.44.0-win32-x64\jre\21.0.8-win32-x86_64\bin\java.exe
0x00007ff88e380000 - 0x00007ff88e5e7000 	C:\WINDOWS\SYSTEM32\ntdll.dll
0x00007ff88c4c0000 - 0x00007ff88c589000 	C:\WINDOWS\System32\KERNEL32.DLL
0x00007ff88b780000 - 0x00007ff88bb70000 	C:\WINDOWS\System32\KERNELBASE.dll
0x00007ff88bb80000 - 0x00007ff88bccb000 	C:\WINDOWS\System32\ucrtbase.dll
0x00007ff867400000 - 0x00007ff86741e000 	c:\Users\shekh\.windsurf\extensions\redhat.java-1.44.0-win32-x64\jre\21.0.8-win32-x86_64\bin\VCRUNTIME140.dll
0x00007ff85d140000 - 0x00007ff85d158000 	c:\Users\shekh\.windsurf\extensions\redhat.java-1.44.0-win32-x64\jre\21.0.8-win32-x86_64\bin\jli.dll
0x00007ff88dfd0000 - 0x00007ff88e195000 	C:\WINDOWS\System32\USER32.dll
0x00007ff88bd60000 - 0x00007ff88bd87000 	C:\WINDOWS\System32\win32u.dll
0x00007ff86c730000 - 0x00007ff86c9ca000 	C:\WINDOWS\WinSxS\amd64_microsoft.windows.common-controls_6595b64144ccf1df_6.0.26100.4768_none_3e0c112ce331287c\COMCTL32.dll
0x00007ff88db10000 - 0x00007ff88db3b000 	C:\WINDOWS\System32\GDI32.dll
0x00007ff88c180000 - 0x00007ff88c229000 	C:\WINDOWS\System32\msvcrt.dll
0x00007ff88bd90000 - 0x00007ff88bec8000 	C:\WINDOWS\System32\gdi32full.dll
0x00007ff88b6d0000 - 0x00007ff88b773000 	C:\WINDOWS\System32\msvcp_win.dll
0x00007ff88e1a0000 - 0x00007ff88e1cf000 	C:\WINDOWS\System32\IMM32.DLL
0x00007ff882f60000 - 0x00007ff882f6c000 	c:\Users\shekh\.windsurf\extensions\redhat.java-1.44.0-win32-x64\jre\21.0.8-win32-x86_64\bin\vcruntime140_1.dll
0x00007ff81c580000 - 0x00007ff81c60d000 	c:\Users\shekh\.windsurf\extensions\redhat.java-1.44.0-win32-x64\jre\21.0.8-win32-x86_64\bin\msvcp140.dll
0x00007ff811250000 - 0x00007ff811fe7000 	c:\Users\shekh\.windsurf\extensions\redhat.java-1.44.0-win32-x64\jre\21.0.8-win32-x86_64\bin\server\jvm.dll
0x00007ff88d6e0000 - 0x00007ff88d794000 	C:\WINDOWS\System32\ADVAPI32.dll
0x00007ff88e1e0000 - 0x00007ff88e286000 	C:\WINDOWS\System32\sechost.dll
0x00007ff88c690000 - 0x00007ff88c7a8000 	C:\WINDOWS\System32\RPCRT4.dll
0x00007ff88e2c0000 - 0x00007ff88e334000 	C:\WINDOWS\System32\WS2_32.dll
0x00007ff88b310000 - 0x00007ff88b36e000 	C:\WINDOWS\SYSTEM32\POWRPROF.dll
0x00007ff87db30000 - 0x00007ff87db65000 	C:\WINDOWS\SYSTEM32\WINMM.dll
0x00007ff883270000 - 0x00007ff88327b000 	C:\WINDOWS\SYSTEM32\VERSION.dll
0x00007ff88b2f0000 - 0x00007ff88b304000 	C:\WINDOWS\SYSTEM32\UMPDC.dll
0x00007ff88a230000 - 0x00007ff88a24b000 	C:\WINDOWS\SYSTEM32\kernel.appcore.dll
0x00007ff882df0000 - 0x00007ff882dfa000 	c:\Users\shekh\.windsurf\extensions\redhat.java-1.44.0-win32-x64\jre\21.0.8-win32-x86_64\bin\jimage.dll
0x00007ff888ab0000 - 0x00007ff888cf1000 	C:\WINDOWS\SYSTEM32\DBGHELP.DLL
0x00007ff88c7b0000 - 0x00007ff88cb35000 	C:\WINDOWS\System32\combase.dll
0x00007ff88c3c0000 - 0x00007ff88c4a0000 	C:\WINDOWS\System32\OLEAUT32.dll
0x00007ff853850000 - 0x00007ff853893000 	C:\WINDOWS\SYSTEM32\dbgcore.DLL
0x00007ff88b630000 - 0x00007ff88b6c9000 	C:\WINDOWS\System32\bcryptPrimitives.dll
0x00007ff8779b0000 - 0x00007ff8779bf000 	c:\Users\shekh\.windsurf\extensions\redhat.java-1.44.0-win32-x64\jre\21.0.8-win32-x86_64\bin\instrument.dll
0x00007ff8581e0000 - 0x00007ff8581ff000 	c:\Users\shekh\.windsurf\extensions\redhat.java-1.44.0-win32-x64\jre\21.0.8-win32-x86_64\bin\java.dll
0x00007ff88cf90000 - 0x00007ff88d6dd000 	C:\WINDOWS\System32\SHELL32.dll
0x00007ff88bf90000 - 0x00007ff88c103000 	C:\WINDOWS\System32\wintypes.dll
0x00007ff889090000 - 0x00007ff8898ef000 	C:\WINDOWS\SYSTEM32\windows.storage.dll
0x00007ff88c590000 - 0x00007ff88c685000 	C:\WINDOWS\System32\SHCORE.dll
0x00007ff88d990000 - 0x00007ff88d9fa000 	C:\WINDOWS\System32\shlwapi.dll
0x00007ff88b3d0000 - 0x00007ff88b3f9000 	C:\WINDOWS\SYSTEM32\profapi.dll
0x00007ff858170000 - 0x00007ff858188000 	c:\Users\shekh\.windsurf\extensions\redhat.java-1.44.0-win32-x64\jre\21.0.8-win32-x86_64\bin\zip.dll
0x00007ff877980000 - 0x00007ff877990000 	C:\Users\shekh\.windsurf\extensions\redhat.java-1.44.0-win32-x64\jre\21.0.8-win32-x86_64\bin\net.dll
0x00007ff883b80000 - 0x00007ff883c9e000 	C:\WINDOWS\SYSTEM32\WINHTTP.dll
0x00007ff88a7c0000 - 0x00007ff88a82b000 	C:\WINDOWS\system32\mswsock.dll
0x00007ff857530000 - 0x00007ff857546000 	C:\Users\shekh\.windsurf\extensions\redhat.java-1.44.0-win32-x64\jre\21.0.8-win32-x86_64\bin\nio.dll
0x00007ff885a40000 - 0x00007ff885a50000 	c:\Users\shekh\.windsurf\extensions\redhat.java-1.44.0-win32-x64\jre\21.0.8-win32-x86_64\bin\verify.dll
0x00007ff854f40000 - 0x00007ff854f85000 	C:\Users\shekh\AppData\Roaming\Windsurf\User\globalStorage\redhat.java\1.44.0\config_win\org.eclipse.equinox.launcher\org.eclipse.equinox.launcher.win32.win32.x86_64_1.2.1400.v20250730-1736\eclipse_11913.dll
0x00007ff88cde0000 - 0x00007ff88cf80000 	C:\WINDOWS\System32\ole32.dll
0x00007ff88aa80000 - 0x00007ff88aa9b000 	C:\WINDOWS\SYSTEM32\CRYPTSP.dll
0x00007ff88a190000 - 0x00007ff88a1cb000 	C:\WINDOWS\system32\rsaenh.dll
0x00007ff88a860000 - 0x00007ff88a88b000 	C:\WINDOWS\SYSTEM32\USERENV.dll
0x00007ff88b3a0000 - 0x00007ff88b3c6000 	C:\WINDOWS\SYSTEM32\bcrypt.dll
0x00007ff88aaa0000 - 0x00007ff88aaac000 	C:\WINDOWS\SYSTEM32\CRYPTBASE.dll
0x00007ff889c70000 - 0x00007ff889ca3000 	C:\WINDOWS\SYSTEM32\IPHLPAPI.DLL
0x00007ff88c170000 - 0x00007ff88c17a000 	C:\WINDOWS\System32\NSI.dll
0x00007ff84eae0000 - 0x00007ff84eb29000 	C:\Users\shekh\AppData\Local\Temp\jna-109403661\jna5746150306141937803.dll
0x00007ff88cb60000 - 0x00007ff88cb68000 	C:\WINDOWS\System32\PSAPI.DLL
0x00007ff885100000 - 0x00007ff88511f000 	C:\WINDOWS\SYSTEM32\dhcpcsvc6.DLL
0x00007ff884f70000 - 0x00007ff884f95000 	C:\WINDOWS\SYSTEM32\dhcpcsvc.DLL

JVMTI agents:
c:\Users\shekh\.windsurf\extensions\redhat.java-1.44.0-win32-x64\lombok\lombok-1.18.39-4050.jar path:c:\Users\shekh\.windsurf\extensions\redhat.java-1.44.0-win32-x64\jre\21.0.8-win32-x86_64\bin\instrument.dll, loaded, initialized, instrumentlib options:none

dbghelp: loaded successfully - version: 4.0.5 - missing functions: none
symbol engine: initialized successfully - sym options: 0x614 - pdb path: .;c:\Users\shekh\.windsurf\extensions\redhat.java-1.44.0-win32-x64\jre\21.0.8-win32-x86_64\bin;C:\WINDOWS\SYSTEM32;C:\WINDOWS\WinSxS\amd64_microsoft.windows.common-controls_6595b64144ccf1df_6.0.26100.4768_none_3e0c112ce331287c;c:\Users\shekh\.windsurf\extensions\redhat.java-1.44.0-win32-x64\jre\21.0.8-win32-x86_64\bin\server;C:\Users\shekh\AppData\Roaming\Windsurf\User\globalStorage\redhat.java\1.44.0\config_win\org.eclipse.equinox.launcher\org.eclipse.equinox.launcher.win32.win32.x86_64_1.2.1400.v20250730-1736;C:\Users\shekh\AppData\Local\Temp\jna-109403661

VM Arguments:
jvm_args: --add-modules=ALL-SYSTEM --add-opens=java.base/java.util=ALL-UNNAMED --add-opens=java.base/java.lang=ALL-UNNAMED --add-opens=java.base/sun.nio.fs=ALL-UNNAMED -Declipse.application=org.eclipse.jdt.ls.core.id1 -Dosgi.bundles.defaultStartLevel=4 -Declipse.product=org.eclipse.jdt.ls.core.product -Djava.import.generatesMetadataFilesAtProjectRoot=false -DDetectVMInstallationsJob.disabled=true -Dfile.encoding=utf8 -XX:+UseParallelGC -XX:GCTimeRatio=4 -XX:AdaptiveSizePolicyWeight=90 -Dsun.zip.disableMemoryMapping=true -Xmx2G -Xms100m -Xlog:disable -javaagent:c:\Users\shekh\.windsurf\extensions\redhat.java-1.44.0-win32-x64\lombok\lombok-1.18.39-4050.jar -XX:+HeapDumpOnOutOfMemoryError -XX:HeapDumpPath=c:\Users\shekh\AppData\Roaming\Windsurf\User\workspaceStorage\c1443ebb7bbc7fb20ebaf31c0759c607\redhat.java -Daether.dependencyCollector.impl=bf 
java_command: c:\Users\shekh\.windsurf\extensions\redhat.java-1.44.0-win32-x64\server\plugins\org.eclipse.equinox.launcher_1.7.0.v20250519-0528.jar -configuration c:\Users\shekh\AppData\Roaming\Windsurf\User\globalStorage\redhat.java\1.44.0\config_win -data c:\Users\shekh\AppData\Roaming\Windsurf\User\workspaceStorage\c1443ebb7bbc7fb20ebaf31c0759c607\redhat.java\jdt_ws --pipe=\\.\pipe\lsp-b17dec732f16cc38ec48c8ba79da0634-sock
java_class_path (initial): c:\Users\shekh\.windsurf\extensions\redhat.java-1.44.0-win32-x64\server\plugins\org.eclipse.equinox.launcher_1.7.0.v20250519-0528.jar
Launcher Type: SUN_STANDARD

[Global flags]
    uintx AdaptiveSizePolicyWeight                 = 90                                        {product} {command line}
     intx CICompilerCount                          = 4                                         {product} {ergonomic}
    uintx GCTimeRatio                              = 4                                         {product} {command line}
     bool HeapDumpOnOutOfMemoryError               = true                                   {manageable} {command line}
    ccstr HeapDumpPath                             = c:\Users\shekh\AppData\Roaming\Windsurf\User\workspaceStorage\c1443ebb7bbc7fb20ebaf31c0759c607\redhat.java         {manageable} {command line}
   size_t InitialHeapSize                          = 104857600                                 {product} {command line}
   size_t MaxHeapSize                              = 2147483648                                {product} {command line}
   size_t MaxNewSize                               = 715653120                                 {product} {ergonomic}
   size_t MinHeapDeltaBytes                        = 524288                                    {product} {ergonomic}
   size_t MinHeapSize                              = 104857600                                 {product} {command line}
   size_t NewSize                                  = 34603008                                  {product} {ergonomic}
    uintx NonNMethodCodeHeapSize                   = 5839372                                {pd product} {ergonomic}
    uintx NonProfiledCodeHeapSize                  = 122909434                              {pd product} {ergonomic}
   size_t OldSize                                  = 70254592                                  {product} {ergonomic}
    uintx ProfiledCodeHeapSize                     = 122909434                              {pd product} {ergonomic}
    uintx ReservedCodeCacheSize                    = 251658240                              {pd product} {ergonomic}
     bool SegmentedCodeCache                       = true                                      {product} {ergonomic}
   size_t SoftMaxHeapSize                          = 2147483648                             {manageable} {ergonomic}
     bool UseCompressedOops                        = true                           {product lp64_product} {ergonomic}
     bool UseLargePagesIndividualAllocation        = false                                  {pd product} {ergonomic}
     bool UseParallelGC                            = true                                      {product} {command line}

Logging:
Log output configuration:
 #0: stdout all=off uptime,level,tags foldmultilines=false
 #1: stderr all=off uptime,level,tags foldmultilines=false

Environment Variables:
PATH=C:\Program Files\Eclipse Adoptium\jdk-21.0.7.6-hotspot\bin;C:\Windows\system32;C:\Windows;C:\Windows\System32\Wbem;C:\Windows\System32\WindowsPowerShell\v1.0\;C:\Windows\System32\OpenSSH\;C:\Program Files (x86)\NVIDIA Corporation\PhysX\Common;C:\Program Files\NVIDIA Corporation\NVIDIA NvDLISR;C:\Program Files\Docker\Docker\resources\bin;c:\Users\shekh\AppData\Local\Programs\cursor\resources\app\bin;C:\Program Files\nodejs\;C:\WINDOWS\system32;C:\WINDOWS;C:\WINDOWS\System32\Wbem;C:\WINDOWS\System32\WindowsPowerShell\v1.0\;C:\WINDOWS\System32\OpenSSH\;C:\Program Files\PuTTY\;C:\Users\shekh\AppData\Local\Android\Sdk\platform-tools;C:\Program Files\Git\cmd;C:\flutter\bin;C:\Users\shekh\AppData\Local\Programs\Python\Python312\Scripts\;C:\Users\shekh\AppData\Local\Programs\Python\Python312\;C:\Users\shekh\AppData\Local\Microsoft\WindowsApps;C:\Users\shekh\AppData\Local\Programs\Microsoft VS Code\bin;C:\Users\shekh\AppData\Local\Programs\Windsurf\bin;C:\Users\shekh\AppData\Local\Programs\cursor\resources\app\bin;C:\Users\shekh\AppData\Roaming\npm;C:\Users\shekh\.fly\bin;C:\Users\shekh\AppData\Local\Microsoft\WindowsApps;C:\Users\shekh\Desktop\flutter\flutter\bin
USERNAME=shekh
OS=Windows_NT
PROCESSOR_IDENTIFIER=Intel64 Family 6 Model 154 Stepping 3, GenuineIntel
TMP=C:\Users\shekh\AppData\Local\Temp
TEMP=C:\Users\shekh\AppData\Local\Temp




Periodic native trim disabled

---------------  S Y S T E M  ---------------

OS:
 Windows 11 , 64 bit Build 26100 (10.0.26100.4768)
OS uptime: 0 days 13:45 hours
Hyper-V role detected

CPU: total 12 (initial active 12) (6 cores per cpu, 2 threads per core) family 6 model 154 stepping 3 microcode 0x429, cx8, cmov, fxsr, ht, mmx, 3dnowpref, sse, sse2, sse3, ssse3, sse4.1, sse4.2, popcnt, lzcnt, tsc, tscinvbit, avx, avx2, aes, erms, clmul, bmi1, bmi2, adx, sha, fma, vzeroupper, clflush, clflushopt, clwb, hv, serialize, rdtscp, rdpid, fsrm, f16c, cet_ibt, cet_ss
Processor Information for processor 0
  Max Mhz: 2000, Current Mhz: 2000, Mhz Limit: 2000
Processor Information for processor 1
  Max Mhz: 2000, Current Mhz: 2000, Mhz Limit: 2000
Processor Information for processor 2
  Max Mhz: 2000, Current Mhz: 2000, Mhz Limit: 2000
Processor Information for processor 3
  Max Mhz: 2000, Current Mhz: 2000, Mhz Limit: 2000
Processor Information for processor 4
  Max Mhz: 2000, Current Mhz: 2000, Mhz Limit: 2000
Processor Information for processor 5
  Max Mhz: 2000, Current Mhz: 2000, Mhz Limit: 2000
Processor Information for processor 6
  Max Mhz: 2000, Current Mhz: 2000, Mhz Limit: 2000
Processor Information for processor 7
  Max Mhz: 2000, Current Mhz: 2000, Mhz Limit: 2000
Processor Information for processor 8
  Max Mhz: 2000, Current Mhz: 1500, Mhz Limit: 1500
Processor Information for processor 9
  Max Mhz: 2000, Current Mhz: 1500, Mhz Limit: 1500
Processor Information for processor 10
  Max Mhz: 2000, Current Mhz: 1500, Mhz Limit: 1500
Processor Information for processor 11
  Max Mhz: 2000, Current Mhz: 1500, Mhz Limit: 1500

Memory: 4k page, system-wide physical 7866M (523M free)
TotalPageFile size 32442M (AvailPageFile size 5M)
current process WorkingSet (physical memory assigned to process): 208M, peak: 208M
current process commit charge ("private bytes"): 338M, peak: 340M

vm_info: OpenJDK 64-Bit Server VM (21.0.8+9-LTS) for windows-amd64 JRE (21.0.8+9-LTS), built on 2025-07-15T00:00:00Z by "admin" with MS VC++ 17.7 (VS2022)

END.
